This is XeTeX, Version 3.14159265-2.6-0.999991 (MiKTeX 2.9.7250) (preloaded format=xelatex 2020.2.8)  9 FEB 2020 14:20
entering extended mode
**./fydp.tex
(fydp.tex
LaTeX2e <2020-02-02>
L3 programming layer <2020-02-03>
(/home/sirneij/.miktex/texmfs/install/tex/latex/base/report.cls
Document Class: report 2019/12/20 v1.4l Standard LaTeX document class
(/home/sirneij/.miktex/texmfs/install/tex/latex/base/size12.clo
File: size12.clo 2019/12/20 v1.4l Standard LaTeX file (size option)
)
\c@part=\count163
\c@chapter=\count164
\c@section=\count165
\c@subsection=\count166
\c@subsubsection=\count167
\c@paragraph=\count168
\c@subparagraph=\count169
\c@figure=\count170
\c@table=\count171
\abovecaptionskip=\skip47
\belowcaptionskip=\skip48
\bibindent=\dimen134
)
(/home/sirneij/.miktex/texmfs/install/tex/latex/base/inputenc.sty
Package: inputenc 2018/08/11 v1.3c Input encoding file
\inpenc@prehook=\toks14
\inpenc@posthook=\toks15


Package inputenc Warning: inputenc package ignored with utf8 based engines.

) (/home/sirneij/.miktex/texmfs/install/tex/generic/babel/babel.sty
Package: babel 2020/02/03 3.39 The Babel package

(/home/sirneij/.miktex/texmfs/install/tex/generic/babel/switch.def
File: switch.def 2020/02/03 3.39 Babel switching mechanism
)
*************************************
* Local config file bblopts.cfg used
*
(/home/sirneij/.miktex/texmfs/install/tex/latex/arabi/bblopts.cfg
File: bblopts.cfg 2005/09/08 v0.1 add Arabic and Farsi to "declared" options of
 babel
)
(/home/sirneij/.miktex/texmfs/install/tex/latex/babel-english/english.ldf
Language: english 2017/06/06 v3.3r English support from the babel system

(/home/sirneij/.miktex/texmfs/install/tex/generic/babel/babel.def
File: babel.def 2020/02/03 3.39 Babel common definitions
\babel@savecnt=\count172
\U@D=\dimen135

(/home/sirneij/.miktex/texmfs/install/tex/generic/babel/xebabel.def
(/home/sirneij/.miktex/texmfs/install/tex/generic/babel/txtbabel.def))
\bbl@readstream=\read2
\bbl@dirlevel=\count173
)
Package babel Info: \l@canadian = using hyphenrules for english
(babel)             (\language0) on input line 102.
Package babel Info: \l@australian = using hyphenrules for ukenglish
(babel)             (\language72) on input line 105.
Package babel Info: \l@newzealand = using hyphenrules for ukenglish
(babel)             (\language72) on input line 108.
))
(/home/sirneij/.miktex/texmfs/install/tex/latex/base/makeidx.sty
Package: makeidx 2014/09/29 v1.0m Standard LaTeX package
)
(/home/sirneij/.miktex/texmfs/install/tex/latex/url/url.sty
\Urlmuskip=\muskip16
Package: url 2013/09/16  ver 3.4  Verb mode for urls, etc.
)
(/home/sirneij/.miktex/texmfs/install/tex/latex/natbib/natbib.sty
Package: natbib 2010/09/13 8.31b (PWD, AO)
\bibhang=\skip49
\bibsep=\skip50
LaTeX Info: Redefining \cite on input line 694.
\c@NAT@ctr=\count174
)
(/home/sirneij/.miktex/texmfs/install/tex/latex/framed/framed.sty
Package: framed 2011/10/22 v 0.96: framed or shaded text with page breaks
\OuterFrameSep=\skip51
\fb@frw=\dimen136
\fb@frh=\dimen137
\FrameRule=\dimen138
\FrameSep=\dimen139
)
(/home/sirneij/.miktex/texmfs/install/tex/latex/pgf/frontendlayer/tikz.sty
(/home/sirneij/.miktex/texmfs/install/tex/latex/pgf/basiclayer/pgf.sty
(/home/sirneij/.miktex/texmfs/install/tex/latex/pgf/utilities/pgfrcs.sty
(/home/sirneij/.miktex/texmfs/install/tex/generic/pgf/utilities/pgfutil-common.
tex
\pgfutil@everybye=\toks16
\pgfutil@tempdima=\dimen140
\pgfutil@tempdimb=\dimen141

(/home/sirneij/.miktex/texmfs/install/tex/generic/pgf/utilities/pgfutil-common-
lists.tex))
(/home/sirneij/.miktex/texmfs/install/tex/generic/pgf/utilities/pgfutil-latex.d
ef
\pgfutil@abb=\box45
 (/home/sirneij/.miktex/texmfs/install/tex/latex/ms/everyshi.sty
Package: everyshi 2001/05/15 v3.00 EveryShipout Package (MS)
))
(/home/sirneij/.miktex/texmfs/install/tex/generic/pgf/utilities/pgfrcs.code.tex
(/home/sirneij/.miktex/texmfs/install/tex/generic/pgf/pgf.revision.tex)
Package: pgfrcs 2020/01/08 v3.1.5b (3.1.5b)
))
Package: pgf 2020/01/08 v3.1.5b (3.1.5b)

(/home/sirneij/.miktex/texmfs/install/tex/latex/pgf/basiclayer/pgfcore.sty
(/home/sirneij/.miktex/texmfs/install/tex/latex/graphics/graphicx.sty
Package: graphicx 2019/11/30 v1.2a Enhanced LaTeX Graphics (DPC,SPQR)

(/home/sirneij/.miktex/texmfs/install/tex/latex/graphics/keyval.sty
Package: keyval 2014/10/28 v1.15 key=value parser (DPC)
\KV@toks@=\toks17
)
(/home/sirneij/.miktex/texmfs/install/tex/latex/graphics/graphics.sty
Package: graphics 2019/11/30 v1.4a Standard LaTeX Graphics (DPC,SPQR)

(/home/sirneij/.miktex/texmfs/install/tex/latex/graphics/trig.sty
Package: trig 2016/01/03 v1.10 sin cos tan (DPC)
)
(/home/sirneij/.miktex/texmfs/install/tex/latex/graphics-cfg/graphics.cfg
File: graphics.cfg 2016/06/04 v1.11 sample graphics configuration
)
Package graphics Info: Driver file: xetex.def on input line 105.

(/home/sirneij/.miktex/texmfs/install/tex/latex/graphics-def/xetex.def
File: xetex.def 2017/06/24 v5.0h Graphics/color driver for xetex
))
\Gin@req@height=\dimen142
\Gin@req@width=\dimen143
)
(/home/sirneij/.miktex/texmfs/install/tex/latex/pgf/systemlayer/pgfsys.sty
(/home/sirneij/.miktex/texmfs/install/tex/generic/pgf/systemlayer/pgfsys.code.t
ex
Package: pgfsys 2020/01/08 v3.1.5b (3.1.5b)

(/home/sirneij/.miktex/texmfs/install/tex/generic/pgf/utilities/pgfkeys.code.te
x
\pgfkeys@pathtoks=\toks18
\pgfkeys@temptoks=\toks19

(/home/sirneij/.miktex/texmfs/install/tex/generic/pgf/utilities/pgfkeysfiltered
.code.tex
\pgfkeys@tmptoks=\toks20
))
\pgf@x=\dimen144
\pgf@y=\dimen145
\pgf@xa=\dimen146
\pgf@ya=\dimen147
\pgf@xb=\dimen148
\pgf@yb=\dimen149
\pgf@xc=\dimen150
\pgf@yc=\dimen151
\pgf@xd=\dimen152
\pgf@yd=\dimen153
\w@pgf@writea=\write3
\r@pgf@reada=\read3
\c@pgf@counta=\count175
\c@pgf@countb=\count176
\c@pgf@countc=\count177
\c@pgf@countd=\count178
\t@pgf@toka=\toks21
\t@pgf@tokb=\toks22
\t@pgf@tokc=\toks23
\pgf@sys@id@count=\count179

(/home/sirneij/.miktex/texmfs/install/tex/generic/pgf/systemlayer/pgf.cfg
File: pgf.cfg 2020/01/08 v3.1.5b (3.1.5b)
)
Driver file for pgf: pgfsys-xetex.def

(/home/sirneij/.miktex/texmfs/install/tex/generic/pgf/systemlayer/pgfsys-xetex.
def
File: pgfsys-xetex.def 2020/01/08 v3.1.5b (3.1.5b)

(/home/sirneij/.miktex/texmfs/install/tex/generic/pgf/systemlayer/pgfsys-dvipdf
mx.def
File: pgfsys-dvipdfmx.def 2020/01/08 v3.1.5b (3.1.5b)

(/home/sirneij/.miktex/texmfs/install/tex/generic/pgf/systemlayer/pgfsys-common
-pdf.def
File: pgfsys-common-pdf.def 2020/01/08 v3.1.5b (3.1.5b)
)
\pgfsys@objnum=\count180
)))
(/home/sirneij/.miktex/texmfs/install/tex/generic/pgf/systemlayer/pgfsyssoftpat
h.code.tex
File: pgfsyssoftpath.code.tex 2020/01/08 v3.1.5b (3.1.5b)
\pgfsyssoftpath@smallbuffer@items=\count181
\pgfsyssoftpath@bigbuffer@items=\count182
)
(/home/sirneij/.miktex/texmfs/install/tex/generic/pgf/systemlayer/pgfsysprotoco
l.code.tex
File: pgfsysprotocol.code.tex 2020/01/08 v3.1.5b (3.1.5b)
)) (/home/sirneij/.miktex/texmfs/install/tex/latex/xcolor/xcolor.sty
Package: xcolor 2016/05/11 v2.12 LaTeX color extensions (UK)

(/home/sirneij/.miktex/texmfs/install/tex/latex/graphics-cfg/color.cfg
File: color.cfg 2016/01/02 v1.6 sample color configuration
)
Package xcolor Info: Driver file: xetex.def on input line 225.
Package xcolor Info: Model `cmy' substituted by `cmy0' on input line 1348.
Package xcolor Info: Model `RGB' extended on input line 1364.
Package xcolor Info: Model `HTML' substituted by `rgb' on input line 1366.
Package xcolor Info: Model `Hsb' substituted by `hsb' on input line 1367.
Package xcolor Info: Model `tHsb' substituted by `hsb' on input line 1368.
Package xcolor Info: Model `HSB' substituted by `hsb' on input line 1369.
Package xcolor Info: Model `Gray' substituted by `gray' on input line 1370.
Package xcolor Info: Model `wave' substituted by `hsb' on input line 1371.
)
(/home/sirneij/.miktex/texmfs/install/tex/generic/pgf/basiclayer/pgfcore.code.t
ex
Package: pgfcore 2020/01/08 v3.1.5b (3.1.5b)
 (/home/sirneij/.miktex/texmfs/install/tex/generic/pgf/math/pgfmath.code.tex
(/home/sirneij/.miktex/texmfs/install/tex/generic/pgf/math/pgfmathcalc.code.tex

(/home/sirneij/.miktex/texmfs/install/tex/generic/pgf/math/pgfmathutil.code.tex
)
(/home/sirneij/.miktex/texmfs/install/tex/generic/pgf/math/pgfmathparser.code.t
ex
\pgfmath@dimen=\dimen154
\pgfmath@count=\count183
\pgfmath@box=\box46
\pgfmath@toks=\toks24
\pgfmath@stack@operand=\toks25
\pgfmath@stack@operation=\toks26
)
(/home/sirneij/.miktex/texmfs/install/tex/generic/pgf/math/pgfmathfunctions.cod
e.tex
(/home/sirneij/.miktex/texmfs/install/tex/generic/pgf/math/pgfmathfunctions.bas
ic.code.tex)
(/home/sirneij/.miktex/texmfs/install/tex/generic/pgf/math/pgfmathfunctions.tri
gonometric.code.tex)
(/home/sirneij/.miktex/texmfs/install/tex/generic/pgf/math/pgfmathfunctions.ran
dom.code.tex)
(/home/sirneij/.miktex/texmfs/install/tex/generic/pgf/math/pgfmathfunctions.com
parison.code.tex)
(/home/sirneij/.miktex/texmfs/install/tex/generic/pgf/math/pgfmathfunctions.bas
e.code.tex)
(/home/sirneij/.miktex/texmfs/install/tex/generic/pgf/math/pgfmathfunctions.rou
nd.code.tex)
(/home/sirneij/.miktex/texmfs/install/tex/generic/pgf/math/pgfmathfunctions.mis
c.code.tex)
(/home/sirneij/.miktex/texmfs/install/tex/generic/pgf/math/pgfmathfunctions.int
egerarithmetics.code.tex)))
(/home/sirneij/.miktex/texmfs/install/tex/generic/pgf/math/pgfmathfloat.code.te
x
\c@pgfmathroundto@lastzeros=\count184
)) (/home/sirneij/.miktex/texmfs/install/tex/generic/pgf/math/pgfint.code.tex)
(/home/sirneij/.miktex/texmfs/install/tex/generic/pgf/basiclayer/pgfcorepoints.
code.tex
File: pgfcorepoints.code.tex 2020/01/08 v3.1.5b (3.1.5b)
\pgf@picminx=\dimen155
\pgf@picmaxx=\dimen156
\pgf@picminy=\dimen157
\pgf@picmaxy=\dimen158
\pgf@pathminx=\dimen159
\pgf@pathmaxx=\dimen160
\pgf@pathminy=\dimen161
\pgf@pathmaxy=\dimen162
\pgf@xx=\dimen163
\pgf@xy=\dimen164
\pgf@yx=\dimen165
\pgf@yy=\dimen166
\pgf@zx=\dimen167
\pgf@zy=\dimen168
)
(/home/sirneij/.miktex/texmfs/install/tex/generic/pgf/basiclayer/pgfcorepathcon
struct.code.tex
File: pgfcorepathconstruct.code.tex 2020/01/08 v3.1.5b (3.1.5b)
\pgf@path@lastx=\dimen169
\pgf@path@lasty=\dimen170
)
(/home/sirneij/.miktex/texmfs/install/tex/generic/pgf/basiclayer/pgfcorepathusa
ge.code.tex
File: pgfcorepathusage.code.tex 2020/01/08 v3.1.5b (3.1.5b)
\pgf@shorten@end@additional=\dimen171
\pgf@shorten@start@additional=\dimen172
)
(/home/sirneij/.miktex/texmfs/install/tex/generic/pgf/basiclayer/pgfcorescopes.
code.tex
File: pgfcorescopes.code.tex 2020/01/08 v3.1.5b (3.1.5b)
\pgfpic=\box47
\pgf@hbox=\box48
\pgf@layerbox@main=\box49
\pgf@picture@serial@count=\count185
)
(/home/sirneij/.miktex/texmfs/install/tex/generic/pgf/basiclayer/pgfcoregraphic
state.code.tex
File: pgfcoregraphicstate.code.tex 2020/01/08 v3.1.5b (3.1.5b)
\pgflinewidth=\dimen173
)
(/home/sirneij/.miktex/texmfs/install/tex/generic/pgf/basiclayer/pgfcoretransfo
rmations.code.tex
File: pgfcoretransformations.code.tex 2020/01/08 v3.1.5b (3.1.5b)
\pgf@pt@x=\dimen174
\pgf@pt@y=\dimen175
\pgf@pt@temp=\dimen176
)
(/home/sirneij/.miktex/texmfs/install/tex/generic/pgf/basiclayer/pgfcorequick.c
ode.tex
File: pgfcorequick.code.tex 2020/01/08 v3.1.5b (3.1.5b)
)
(/home/sirneij/.miktex/texmfs/install/tex/generic/pgf/basiclayer/pgfcoreobjects
.code.tex
File: pgfcoreobjects.code.tex 2020/01/08 v3.1.5b (3.1.5b)
)
(/home/sirneij/.miktex/texmfs/install/tex/generic/pgf/basiclayer/pgfcorepathpro
cessing.code.tex
File: pgfcorepathprocessing.code.tex 2020/01/08 v3.1.5b (3.1.5b)
)
(/home/sirneij/.miktex/texmfs/install/tex/generic/pgf/basiclayer/pgfcorearrows.
code.tex
File: pgfcorearrows.code.tex 2020/01/08 v3.1.5b (3.1.5b)
\pgfarrowsep=\dimen177
)
(/home/sirneij/.miktex/texmfs/install/tex/generic/pgf/basiclayer/pgfcoreshade.c
ode.tex
File: pgfcoreshade.code.tex 2020/01/08 v3.1.5b (3.1.5b)
\pgf@max=\dimen178
\pgf@sys@shading@range@num=\count186
\pgf@shadingcount=\count187
)
(/home/sirneij/.miktex/texmfs/install/tex/generic/pgf/basiclayer/pgfcoreimage.c
ode.tex
File: pgfcoreimage.code.tex 2020/01/08 v3.1.5b (3.1.5b)

(/home/sirneij/.miktex/texmfs/install/tex/generic/pgf/basiclayer/pgfcoreexterna
l.code.tex
File: pgfcoreexternal.code.tex 2020/01/08 v3.1.5b (3.1.5b)
\pgfexternal@startupbox=\box50
))
(/home/sirneij/.miktex/texmfs/install/tex/generic/pgf/basiclayer/pgfcorelayers.
code.tex
File: pgfcorelayers.code.tex 2020/01/08 v3.1.5b (3.1.5b)
)
(/home/sirneij/.miktex/texmfs/install/tex/generic/pgf/basiclayer/pgfcoretranspa
rency.code.tex
File: pgfcoretransparency.code.tex 2020/01/08 v3.1.5b (3.1.5b)
)
(/home/sirneij/.miktex/texmfs/install/tex/generic/pgf/basiclayer/pgfcorepattern
s.code.tex
File: pgfcorepatterns.code.tex 2020/01/08 v3.1.5b (3.1.5b)
)
(/home/sirneij/.miktex/texmfs/install/tex/generic/pgf/basiclayer/pgfcorerdf.cod
e.tex
File: pgfcorerdf.code.tex 2020/01/08 v3.1.5b (3.1.5b)
)))
(/home/sirneij/.miktex/texmfs/install/tex/generic/pgf/modules/pgfmoduleshapes.c
ode.tex
File: pgfmoduleshapes.code.tex 2020/01/08 v3.1.5b (3.1.5b)
\pgfnodeparttextbox=\box51
)
(/home/sirneij/.miktex/texmfs/install/tex/generic/pgf/modules/pgfmoduleplot.cod
e.tex
File: pgfmoduleplot.code.tex 2020/01/08 v3.1.5b (3.1.5b)
)
(/home/sirneij/.miktex/texmfs/install/tex/latex/pgf/compatibility/pgfcomp-versi
on-0-65.sty
Package: pgfcomp-version-0-65 2020/01/08 v3.1.5b (3.1.5b)
\pgf@nodesepstart=\dimen179
\pgf@nodesepend=\dimen180
)
(/home/sirneij/.miktex/texmfs/install/tex/latex/pgf/compatibility/pgfcomp-versi
on-1-18.sty
Package: pgfcomp-version-1-18 2020/01/08 v3.1.5b (3.1.5b)
))
(/home/sirneij/.miktex/texmfs/install/tex/latex/pgf/utilities/pgffor.sty
(/home/sirneij/.miktex/texmfs/install/tex/latex/pgf/utilities/pgfkeys.sty
(/home/sirneij/.miktex/texmfs/install/tex/generic/pgf/utilities/pgfkeys.code.te
x)) (/home/sirneij/.miktex/texmfs/install/tex/latex/pgf/math/pgfmath.sty
(/home/sirneij/.miktex/texmfs/install/tex/generic/pgf/math/pgfmath.code.tex))
(/home/sirneij/.miktex/texmfs/install/tex/generic/pgf/utilities/pgffor.code.tex
Package: pgffor 2020/01/08 v3.1.5b (3.1.5b)
(/home/sirneij/.miktex/texmfs/install/tex/generic/pgf/math/pgfmath.code.tex)
\pgffor@iter=\dimen181
\pgffor@skip=\dimen182
\pgffor@stack=\toks27
\pgffor@toks=\toks28
))
(/home/sirneij/.miktex/texmfs/install/tex/generic/pgf/frontendlayer/tikz/tikz.c
ode.tex
Package: tikz 2020/01/08 v3.1.5b (3.1.5b)

(/home/sirneij/.miktex/texmfs/install/tex/generic/pgf/libraries/pgflibraryploth
andlers.code.tex
File: pgflibraryplothandlers.code.tex 2020/01/08 v3.1.5b (3.1.5b)
\pgf@plot@mark@count=\count188
\pgfplotmarksize=\dimen183
)
\tikz@lastx=\dimen184
\tikz@lasty=\dimen185
\tikz@lastxsaved=\dimen186
\tikz@lastysaved=\dimen187
\tikz@lastmovetox=\dimen188
\tikz@lastmovetoy=\dimen189
\tikzleveldistance=\dimen190
\tikzsiblingdistance=\dimen191
\tikz@figbox=\box52
\tikz@figbox@bg=\box53
\tikz@tempbox=\box54
\tikz@tempbox@bg=\box55
\tikztreelevel=\count189
\tikznumberofchildren=\count190
\tikznumberofcurrentchild=\count191
\tikz@fig@count=\count192

(/home/sirneij/.miktex/texmfs/install/tex/generic/pgf/modules/pgfmodulematrix.c
ode.tex
File: pgfmodulematrix.code.tex 2020/01/08 v3.1.5b (3.1.5b)
\pgfmatrixcurrentrow=\count193
\pgfmatrixcurrentcolumn=\count194
\pgf@matrix@numberofcolumns=\count195
)
\tikz@expandcount=\count196

(/home/sirneij/.miktex/texmfs/install/tex/generic/pgf/frontendlayer/tikz/librar
ies/tikzlibrarytopaths.code.tex
File: tikzlibrarytopaths.code.tex 2020/01/08 v3.1.5b (3.1.5b)
)))
(/home/sirneij/.miktex/texmfs/install/tex/latex/caption/subcaption.sty
Package: subcaption 2020/01/22 v1.3d Sub-captions (AR)

(/home/sirneij/.miktex/texmfs/install/tex/latex/caption/caption.sty
Package: caption 2020/01/03 v3.4h Customizing captions (AR)

(/home/sirneij/.miktex/texmfs/install/tex/latex/caption/caption3.sty
Package: caption3 2020/01/03 v1.8h caption3 kernel (AR)
Package caption3 Info: TeX engine: e-TeX on input line 61.
\captionmargin=\dimen192
\captionmargin@=\dimen193
\captionwidth=\dimen194
\caption@tempdima=\dimen195
\caption@indent=\dimen196
\caption@parindent=\dimen197
\caption@hangindent=\dimen198
Package caption Info: Standard document class detected.
)
\c@caption@flags=\count197
\c@continuedfloat=\count198
)
\c@subfigure=\count199
\c@subtable=\count266
)
(/home/sirneij/.miktex/texmfs/install/tex/latex/tools/longtable.sty
Package: longtable 2020/01/07 v4.13 Multi-page Table package (DPC)
\LTleft=\skip52
\LTright=\skip53
\LTpre=\skip54
\LTpost=\skip55
\LTchunksize=\count267
\LTcapwidth=\dimen199
\LT@head=\box56
\LT@firsthead=\box57
\LT@foot=\box58
\LT@lastfoot=\box59
\LT@cols=\count268
\LT@rows=\count269
\c@LT@tables=\count270
\c@LT@chunks=\count271
\LT@p@ftn=\toks29
)
(/home/sirneij/.miktex/texmfs/install/tex/latex/amsfonts/amsfonts.sty
Package: amsfonts 2013/01/14 v3.01 Basic AMSFonts support
\@emptytoks=\toks30
\symAMSa=\mathgroup4
\symAMSb=\mathgroup5
LaTeX Font Info:    Redeclaring math symbol \hbar on input line 98.
LaTeX Font Info:    Overwriting math alphabet `\mathfrak' in version `bold'
(Font)                  U/euf/m/n --> U/euf/b/n on input line 106.
)
(/home/sirneij/.miktex/texmfs/install/tex/latex/amsmath/amsmath.sty
Package: amsmath 2020/01/20 v2.17e AMS math features
\@mathmargin=\skip56

For additional information on amsmath, use the `?' option.
(/home/sirneij/.miktex/texmfs/install/tex/latex/amsmath/amstext.sty
Package: amstext 2000/06/29 v2.01 AMS text

(/home/sirneij/.miktex/texmfs/install/tex/latex/amsmath/amsgen.sty
File: amsgen.sty 1999/11/30 v2.0 generic functions
\@emptytoks=\toks31
\ex@=\dimen256
))
(/home/sirneij/.miktex/texmfs/install/tex/latex/amsmath/amsbsy.sty
Package: amsbsy 1999/11/29 v1.2d Bold Symbols
\pmbraise@=\dimen257
)
(/home/sirneij/.miktex/texmfs/install/tex/latex/amsmath/amsopn.sty
Package: amsopn 2016/03/08 v2.02 operator names
)
\inf@bad=\count272
LaTeX Info: Redefining \frac on input line 227.
\uproot@=\count273
\leftroot@=\count274
LaTeX Info: Redefining \overline on input line 389.
\classnum@=\count275
\DOTSCASE@=\count276
LaTeX Info: Redefining \ldots on input line 486.
LaTeX Info: Redefining \dots on input line 489.
LaTeX Info: Redefining \cdots on input line 610.
\Mathstrutbox@=\box60
\strutbox@=\box61
\big@size=\dimen258
LaTeX Font Info:    Redeclaring font encoding OML on input line 733.
LaTeX Font Info:    Redeclaring font encoding OMS on input line 734.
\macc@depth=\count277
\c@MaxMatrixCols=\count278
\dotsspace@=\muskip17
\c@parentequation=\count279
\dspbrk@lvl=\count280
\tag@help=\toks32
\row@=\count281
\column@=\count282
\maxfields@=\count283
\andhelp@=\toks33
\eqnshift@=\dimen259
\alignsep@=\dimen260
\tagshift@=\dimen261
\tagwidth@=\dimen262
\totwidth@=\dimen263
\lineht@=\dimen264
\@envbody=\toks34
\multlinegap=\skip57
\multlinetaggap=\skip58
\mathdisplay@stack=\toks35
LaTeX Info: Redefining \[ on input line 2859.
LaTeX Info: Redefining \] on input line 2860.
)
(/home/sirneij/.miktex/texmfs/install/tex/latex/algorithm2e/algorithm2e.sty
Invalid UTF-8 byte or sequence at line 284 replaced by U+FFFD.
Invalid UTF-8 byte or sequence at line 299 replaced by U+FFFD.
Invalid UTF-8 byte or sequence at line 550 replaced by U+FFFD.
Package: algorithm2e 2017/07/18 v5.2 algorithms environments
\c@AlgoLine=\count284

(/home/sirneij/.miktex/texmfs/install/tex/latex/base/ifthen.sty
Package: ifthen 2014/09/29 v1.1c Standard LaTeX ifthen package (DPC)
)
\algocf@hangindent=\skip59

(/home/sirneij/.miktex/texmfs/install/tex/latex/ifoddpage/ifoddpage.sty
Package: ifoddpage 2016/04/23 v1.1 Conditionals for odd/even page detection
\c@checkoddpage=\count285
)
(/home/sirneij/.miktex/texmfs/install/tex/latex/tools/xspace.sty
Package: xspace 2014/10/28 v1.13 Space after command names (DPC,MH)
)
(/home/sirneij/.miktex/texmfs/install/tex/latex/relsize/relsize.sty
Package: relsize 2013/03/29 ver 4.1
)
\skiptotal=\skip60
\skiplinenumber=\skip61
\skiprule=\skip62
\skiphlne=\skip63
\skiptext=\skip64
\skiplength=\skip65
\algomargin=\skip66
\skipalgocfslide=\skip67
\algowidth=\dimen265
\inoutsize=\dimen266
\inoutindent=\dimen267
\interspacetitleruled=\dimen268
\interspacealgoruled=\dimen269
\interspacetitleboxruled=\dimen270
\algocf@ruledwidth=\skip68
\algocf@inoutbox=\box62
\algocf@inputbox=\box63
\AlCapSkip=\skip69
\AlCapHSkip=\skip70
\algoskipindent=\skip71
\algocf@nlbox=\box64
\algocf@hangingbox=\box65
\algocf@untilbox=\box66
\algocf@skipuntil=\skip72
\algocf@capbox=\box67
\algocf@lcaptionbox=\skip73
\algoheightruledefault=\skip74
\algoheightrule=\skip75
\algotitleheightruledefault=\skip76
\algotitleheightrule=\skip77
\c@algocfline=\count286
\c@algocfproc=\count287
\c@algocf=\count288
\algocf@algoframe=\box68
\algocf@algobox=\box69
)
(/home/sirneij/.miktex/texmfs/install/tex/latex/hyperref/hyperref.sty
Package: hyperref 2020/01/14 v7.00d Hypertext links for LaTeX

(/home/sirneij/.miktex/texmfs/install/tex/generic/ltxcmds/ltxcmds.sty
Package: ltxcmds 2019/12/15 v1.24 LaTeX kernel commands for general use (HO)
)
(/home/sirneij/.miktex/texmfs/install/tex/generic/iftex/iftex.sty
Package: iftex 2019/11/07 v1.0c TeX engine tests
)
(/home/sirneij/.miktex/texmfs/install/tex/latex/pdftexcmds/pdftexcmds.sty
Package: pdftexcmds 2019/11/24 v0.31 Utility functions of pdfTeX for LuaTeX (HO
)

(/home/sirneij/.miktex/texmfs/install/tex/generic/infwarerr/infwarerr.sty
Package: infwarerr 2019/12/03 v1.5 Providing info/warning/error messages (HO)
)
Package pdftexcmds Info: \pdf@primitive is available.
Package pdftexcmds Info: \pdf@ifprimitive is available.
Package pdftexcmds Info: \pdfdraftmode not found.
)
(/home/sirneij/.miktex/texmfs/install/tex/generic/kvsetkeys/kvsetkeys.sty
Package: kvsetkeys 2019/12/15 v1.18 Key value parser (HO)
)
(/home/sirneij/.miktex/texmfs/install/tex/generic/kvdefinekeys/kvdefinekeys.sty
Package: kvdefinekeys 2019-12-19 v1.6 Define keys (HO)
) (/home/sirneij/.miktex/texmfs/install/tex/generic/pdfescape/pdfescape.sty
Package: pdfescape 2019/12/09 v1.15 Implements pdfTeX's escape features (HO)
)
(/home/sirneij/.miktex/texmfs/install/tex/latex/hycolor/hycolor.sty
Package: hycolor 2020-01-27 v1.10 Color options for hyperref/bookmark (HO)
)
(/home/sirneij/.miktex/texmfs/install/tex/latex/letltxmacro/letltxmacro.sty
Package: letltxmacro 2019/12/03 v1.6 Let assignment for LaTeX macros (HO)
)
(/home/sirneij/.miktex/texmfs/install/tex/latex/auxhook/auxhook.sty
Package: auxhook 2019-12-17 v1.6 Hooks for auxiliary files (HO)
)
(/home/sirneij/.miktex/texmfs/install/tex/latex/kvoptions/kvoptions.sty
Package: kvoptions 2019/11/29 v3.13 Key value format for package options (HO)
)
\@linkdim=\dimen271
\Hy@linkcounter=\count289
\Hy@pagecounter=\count290

(/home/sirneij/.miktex/texmfs/install/tex/latex/hyperref/pd1enc.def
File: pd1enc.def 2020/01/14 v7.00d Hyperref: PDFDocEncoding definition (HO)
)
(/home/sirneij/.miktex/texmfs/install/tex/generic/intcalc/intcalc.sty
Package: intcalc 2019/12/15 v1.3 Expandable calculations with integers (HO)
)
(/home/sirneij/.miktex/texmfs/install/tex/generic/etexcmds/etexcmds.sty
Package: etexcmds 2019/12/15 v1.7 Avoid name clashes with e-TeX commands (HO)
)
\Hy@SavedSpaceFactor=\count291
Package hyperref Info: Option `colorlinks' set `true' on input line 4421.
Package hyperref Info: Hyper figures OFF on input line 4547.
Package hyperref Info: Link nesting OFF on input line 4552.
Package hyperref Info: Hyper index ON on input line 4555.
Package hyperref Info: Plain pages OFF on input line 4562.
Package hyperref Info: Backreferencing OFF on input line 4567.
Package hyperref Info: Implicit mode ON; LaTeX internals redefined.
Package hyperref Info: Bookmarks ON on input line 4800.
\c@Hy@tempcnt=\count292
LaTeX Info: Redefining \url on input line 5159.
\XeTeXLinkMargin=\dimen272

(/home/sirneij/.miktex/texmfs/install/tex/generic/bitset/bitset.sty
Package: bitset 2019/12/09 v1.3 Handle bit-vector datatype (HO)

(/home/sirneij/.miktex/texmfs/install/tex/generic/bigintcalc/bigintcalc.sty
Package: bigintcalc 2019/12/15 v1.5 Expandable calculations on big integers (HO
)
))
\Fld@menulength=\count293
\Field@Width=\dimen273
\Fld@charsize=\dimen274
Package hyperref Info: Hyper figures OFF on input line 6430.
Package hyperref Info: Link nesting OFF on input line 6435.
Package hyperref Info: Hyper index ON on input line 6438.
Package hyperref Info: backreferencing OFF on input line 6445.
Package hyperref Info: Link coloring ON on input line 6448.
Package hyperref Info: Link coloring with OCG OFF on input line 6455.
Package hyperref Info: PDF/A mode OFF on input line 6460.
LaTeX Info: Redefining \ref on input line 6500.
LaTeX Info: Redefining \pageref on input line 6504.

(/home/sirneij/.miktex/texmfs/install/tex/generic/atbegshi/atbegshi.sty
Package: atbegshi 2019/12/05 v1.19 At begin shipout hook (HO)
)
\Hy@abspage=\count294
\c@Item=\count295
\c@Hfootnote=\count296
)
Package hyperref Info: Driver (autodetected): hxetex.

(/home/sirneij/.miktex/texmfs/install/tex/latex/hyperref/hxetex.def
File: hxetex.def 2020/01/14 v7.00d Hyperref driver for XeTeX

(/home/sirneij/.miktex/texmfs/install/tex/latex/hyperref/puenc.def
File: puenc.def 2020/01/14 v7.00d Hyperref: PDF Unicode definition (HO)
)
(/home/sirneij/.miktex/texmfs/install/tex/generic/stringenc/stringenc.sty
Package: stringenc 2019/11/29 v1.12 Convert strings between diff. encodings (HO
)
)
\pdfm@box=\box70
\c@Hy@AnnotLevel=\count297
\HyField@AnnotCount=\count298
\Fld@listcount=\count299
\c@bookmark@seq@number=\count300

(/home/sirneij/.miktex/texmfs/install/tex/latex/rerunfilecheck/rerunfilecheck.s
ty
Package: rerunfilecheck 2019/12/05 v1.9 Rerun checks for auxiliary files (HO)
 (/home/sirneij/.miktex/texmfs/install/tex/latex/atveryend/atveryend.sty
Package: atveryend 2019-12-11 v1.11 Hooks at the very end of document (HO)
Package atveryend Info: \enddocument detected (standard20110627).
)
(/home/sirneij/.miktex/texmfs/install/tex/generic/uniquecounter/uniquecounter.s
ty
Package: uniquecounter 2019/12/15 v1.4 Provide unlimited unique counter (HO)
)
Package uniquecounter Info: New unique counter `rerunfilecheck' on input line 2
86.
)
\Hy@SectionHShift=\skip78
) (/home/sirneij/.miktex/texmfs/install/tex/latex/geometry/geometry.sty
Package: geometry 2020/01/02 v5.9 Page Geometry

(/home/sirneij/.miktex/texmfs/install/tex/generic/iftex/ifvtex.sty
Package: ifvtex 2019/10/25 v1.7 ifvtex legacy package. Use iftex instead.
)
\Gm@cnth=\count301
\Gm@cntv=\count302
\c@Gm@tempcnt=\count303
\Gm@bindingoffset=\dimen275
\Gm@wd@mp=\dimen276
\Gm@odd@mp=\dimen277
\Gm@even@mp=\dimen278
\Gm@layoutwidth=\dimen279
\Gm@layoutheight=\dimen280
\Gm@layouthoffset=\dimen281
\Gm@layoutvoffset=\dimen282
\Gm@dimlist=\toks36

(/home/sirneij/.miktex/texmfs/install/tex/xelatex/xetexconfig/geometry.cfg))
(/home/sirneij/.miktex/texmfs/install/tex/latex/setspace/setspace.sty
Package: setspace 2011/12/19 v6.7a set line spacing
)
(/home/sirneij/.miktex/texmfs/install/tex/latex/fancyhdr/fancyhdr.sty
Package: fancyhdr 2019/01/31 v3.10 Extensive control of page headers and footer
s
\f@nch@headwidth=\skip79
\f@nch@O@elh=\skip80
\f@nch@O@erh=\skip81
\f@nch@O@olh=\skip82
\f@nch@O@orh=\skip83
\f@nch@O@elf=\skip84
\f@nch@O@erf=\skip85
\f@nch@O@olf=\skip86
\f@nch@O@orf=\skip87
)
\@indexfile=\write4
\openout4 = `fydp.idx'.


Writing index file fydp.idx
(/home/sirneij/.miktex/texmfs/install/tex/latex/xpatch/xpatch.sty
(/home/sirneij/.miktex/texmfs/install/tex/latex/l3kernel/expl3.sty
Package: expl3 2020-02-03 L3 programming layer (loader) 

(/home/sirneij/.miktex/texmfs/install/tex/latex/l3backend/l3backend-xdvipdfmx.d
ef
File: l3backend-xdvipdfmx.def 2020-02-03 L3 backend support: xdvipdfmx
\g__graphics_track_int=\count304
\l__pdf_internal_box=\box71
\g__pdf_backend_object_int=\count305
\g__pdf_backend_annotation_int=\count306
))
Package: xpatch 2012/10/02 v0.3 Extending etoolbox patching commands

(/home/sirneij/.miktex/texmfs/install/tex/latex/l3packages/xparse/xparse.sty
Package: xparse 2020-02-03 L3 Experimental document command parser
\l__xparse_current_arg_int=\count307
\g__xparse_grabber_int=\count308
\l__xparse_m_args_int=\count309
\l__xparse_v_nesting_int=\count310
)
(/home/sirneij/.miktex/texmfs/install/tex/latex/etoolbox/etoolbox.sty
Package: etoolbox 2019/09/21 v2.5h e-TeX tools for LaTeX (JAW)
\etb@tempcnta=\count311
))
(/home/sirneij/.miktex/texmfs/install/tex/latex/blindtext/blindtext.sty
Package: blindtext 2012/01/06 V2.0 blindtext-Package
\c@blindtext=\count312
\c@Blindtext=\count313
\c@blind@countparstart=\count314
\blind@countxx=\count315
\blindtext@numBlindtext=\count316
\blind@countyy=\count317
\c@blindlist=\count318
\c@blindlistlevel=\count319
\c@blindlist@level=\count320
\blind@listitem=\count321
\c@blind@listcount=\count322
\c@blind@levelcount=\count323
\blind@mathformula=\count324
\blind@Mathformula=\count325
\c@blind@randomcount=\count326
\c@blind@randommax=\count327
\c@blind@pangramcount=\count328
\c@blind@pangrammax=\count329
)
(/home/sirneij/.miktex/texmfs/install/tex/latex/tools/indentfirst.sty
Package: indentfirst 1995/11/23 v1.03 Indent first paragraph (DPC)
)
Patched makeschapterhead
Patched @makechapterhead
(/home/sirneij/.miktex/texmfs/install/tex/latex/minted/minted.sty
Package: minted 2017/07/19 v2.5 Yet another Pygments shim for LaTeX

(/home/sirneij/.miktex/texmfs/install/tex/latex/fvextra/fvextra.sty
Package: fvextra 2019/02/04 v1.4 fvextra - extensions and patches for fancyvrb

(/home/sirneij/.miktex/texmfs/install/tex/latex/fancyvrb/fancyvrb.sty
Package: fancyvrb 2020/01/13 v3.5 verbatim text (tvz,hv)
\FV@CodeLineNo=\count330
\FV@InFile=\read4
\FV@TabBox=\box72
\c@FancyVerbLine=\count331
\FV@StepNumber=\count332
\FV@OutFile=\write5
)
(/home/sirneij/.miktex/texmfs/install/tex/latex/upquote/upquote.sty
Package: upquote 2012/04/19 v1.3 upright-quote and grave-accent glyphs in verba
tim

(/home/sirneij/.miktex/texmfs/install/tex/latex/base/textcomp.sty
Package: textcomp 2020/02/02 v2.0m Standard LaTeX package
))
(/home/sirneij/.miktex/texmfs/install/tex/latex/lineno/lineno.sty
Package: lineno 2005/11/02 line numbers on paragraphs v4.41
Invalid UTF-8 byte or sequence at line 296 replaced by U+FFFD.
\linenopenalty=\count333
\output=\toks37
\linenoprevgraf=\count334
\linenumbersep=\dimen283
\linenumberwidth=\dimen284
\c@linenumber=\count335
\c@pagewiselinenumber=\count336
\c@LN@truepage=\count337
\c@internallinenumber=\count338
\c@internallinenumbers=\count339
\quotelinenumbersep=\dimen285
\bframerule=\dimen286
\bframesep=\dimen287
\bframebox=\box73
LaTeX Info: Redefining \\ on input line 3056.
)
\c@FV@TrueTabGroupLevel=\count340
\c@FV@TrueTabCounter=\count341
\FV@TabBox@Group=\box74
\FV@TmpLength=\skip88
\c@FV@HighlightLinesStart=\count342
\c@FV@HighlightLinesStop=\count343
\FV@LoopCount=\count344
\FV@NCharsBox=\box75
\FV@BreakIndent=\dimen288
\FV@BreakIndentNChars=\count345
\FV@BreakSymbolSepLeft=\dimen289
\FV@BreakSymbolSepLeftNChars=\count346
\FV@BreakSymbolSepRight=\dimen290
\FV@BreakSymbolSepRightNChars=\count347
\FV@BreakSymbolIndentLeft=\dimen291
\FV@BreakSymbolIndentLeftNChars=\count348
\FV@BreakSymbolIndentRight=\dimen292
\FV@BreakSymbolIndentRightNChars=\count349
\c@FancyVerbLineBreakLast=\count350
\FV@LineBox=\box76
\FV@LineIndentBox=\box77
\FV@LineWidth=\dimen293
)
(/home/sirneij/.miktex/texmfs/install/tex/latex/tools/calc.sty
Package: calc 2017/05/25 v4.3 Infix arithmetic (KKT,FJ)
\calc@Acount=\count351
\calc@Bcount=\count352
\calc@Adimen=\dimen294
\calc@Bdimen=\dimen295
\calc@Askip=\skip89
\calc@Bskip=\skip90
LaTeX Info: Redefining \setlength on input line 80.
LaTeX Info: Redefining \addtolength on input line 81.
\calc@Ccount=\count353
\calc@Cskip=\skip91
)
(/home/sirneij/.miktex/texmfs/install/tex/latex/tools/shellesc.sty
Package: shellesc 2019/11/08 v1.0c unified shell escape interface for LaTeX
Package shellesc Info: Unrestricted shell escape enabled on input line 75.
)
(/home/sirneij/.miktex/texmfs/install/tex/latex/ifplatform/ifplatform.sty
Package: ifplatform 2017/10/13 v0.4a Testing for the operating system

(/home/sirneij/.miktex/texmfs/install/tex/generic/catchfile/catchfile.sty
Package: catchfile 2019/12/09 v1.8 Catch the contents of a file (HO)
)
(/home/sirneij/.miktex/texmfs/install/tex/generic/iftex/ifluatex.sty
Package: ifluatex 2019/10/25 v1.5 ifluatex legacy package. Use iftex instead.
)
runsystem(uname -s > "fydp.w18")...executed.

 (fydp.w18)
runsystem(rm -- "fydp.w18")...executed.

) (/home/sirneij/.miktex/texmfs/install/tex/latex/xstring/xstring.sty
(/home/sirneij/.miktex/texmfs/install/tex/generic/xstring/xstring.tex
\integerpart=\count354
Invalid UTF-8 byte or sequence at line 35 replaced by U+FFFD.
\decimalpart=\count355
Invalid UTF-8 byte or sequence at line 79 replaced by U+FFFD.
Invalid UTF-8 byte or sequence at line 79 replaced by U+FFFD.
Invalid UTF-8 byte or sequence at line 83 replaced by U+FFFD.
Invalid UTF-8 byte or sequence at line 86 replaced by U+FFFD.
Invalid UTF-8 byte or sequence at line 102 replaced by U+FFFD.
Invalid UTF-8 byte or sequence at line 114 replaced by U+FFFD.
Invalid UTF-8 byte or sequence at line 120 replaced by U+FFFD.
Invalid UTF-8 byte or sequence at line 125 replaced by U+FFFD.
Invalid UTF-8 byte or sequence at line 147 replaced by U+FFFD.
Invalid UTF-8 byte or sequence at line 147 replaced by U+FFFD.
Invalid UTF-8 byte or sequence at line 147 replaced by U+FFFD.
Invalid UTF-8 byte or sequence at line 182 replaced by U+FFFD.
Invalid UTF-8 byte or sequence at line 182 replaced by U+FFFD.
Invalid UTF-8 byte or sequence at line 182 replaced by U+FFFD.
Invalid UTF-8 byte or sequence at line 183 replaced by U+FFFD.
Invalid UTF-8 byte or sequence at line 184 replaced by U+FFFD.
Invalid UTF-8 byte or sequence at line 185 replaced by U+FFFD.
Invalid UTF-8 byte or sequence at line 185 replaced by U+FFFD.
Invalid UTF-8 byte or sequence at line 185 replaced by U+FFFD.
Invalid UTF-8 byte or sequence at line 189 replaced by U+FFFD.
Invalid UTF-8 byte or sequence at line 189 replaced by U+FFFD.
Invalid UTF-8 byte or sequence at line 190 replaced by U+FFFD.
Invalid UTF-8 byte or sequence at line 190 replaced by U+FFFD.
Invalid UTF-8 byte or sequence at line 193 replaced by U+FFFD.
Invalid UTF-8 byte or sequence at line 208 replaced by U+FFFD.
Invalid UTF-8 byte or sequence at line 208 replaced by U+FFFD.
Invalid UTF-8 byte or sequence at line 208 replaced by U+FFFD.
Invalid UTF-8 byte or sequence at line 208 replaced by U+FFFD.
Invalid UTF-8 byte or sequence at line 208 replaced by U+FFFD.
Invalid UTF-8 byte or sequence at line 208 replaced by U+FFFD.
Invalid UTF-8 byte or sequence at line 221 replaced by U+FFFD.
Invalid UTF-8 byte or sequence at line 221 replaced by U+FFFD.
Invalid UTF-8 byte or sequence at line 241 replaced by U+FFFD.
Invalid UTF-8 byte or sequence at line 241 replaced by U+FFFD.
Invalid UTF-8 byte or sequence at line 241 replaced by U+FFFD.
Invalid UTF-8 byte or sequence at line 241 replaced by U+FFFD.
Invalid UTF-8 byte or sequence at line 266 replaced by U+FFFD.
Invalid UTF-8 byte or sequence at line 284 replaced by U+FFFD.
Invalid UTF-8 byte or sequence at line 295 replaced by U+FFFD.
Invalid UTF-8 byte or sequence at line 300 replaced by U+FFFD.
Invalid UTF-8 byte or sequence at line 300 replaced by U+FFFD.
Invalid UTF-8 byte or sequence at line 301 replaced by U+FFFD.
Invalid UTF-8 byte or sequence at line 301 replaced by U+FFFD.
Invalid UTF-8 byte or sequence at line 301 replaced by U+FFFD.
Invalid UTF-8 byte or sequence at line 302 replaced by U+FFFD.
Invalid UTF-8 byte or sequence at line 303 replaced by U+FFFD.
Invalid UTF-8 byte or sequence at line 332 replaced by U+FFFD.
Invalid UTF-8 byte or sequence at line 332 replaced by U+FFFD.
Invalid UTF-8 byte or sequence at line 332 replaced by U+FFFD.
Invalid UTF-8 byte or sequence at line 332 replaced by U+FFFD.
Invalid UTF-8 byte or sequence at line 333 replaced by U+FFFD.
Invalid UTF-8 byte or sequence at line 334 replaced by U+FFFD.
Invalid UTF-8 byte or sequence at line 334 replaced by U+FFFD.
Invalid UTF-8 byte or sequence at line 334 replaced by U+FFFD.
Invalid UTF-8 byte or sequence at line 406 replaced by U+FFFD.
Invalid UTF-8 byte or sequence at line 406 replaced by U+FFFD.
Invalid UTF-8 byte or sequence at line 409 replaced by U+FFFD.
Invalid UTF-8 byte or sequence at line 410 replaced by U+FFFD.
Invalid UTF-8 byte or sequence at line 428 replaced by U+FFFD.
Invalid UTF-8 byte or sequence at line 434 replaced by U+FFFD.
Invalid UTF-8 byte or sequence at line 457 replaced by U+FFFD.
Invalid UTF-8 byte or sequence at line 457 replaced by U+FFFD.
Invalid UTF-8 byte or sequence at line 464 replaced by U+FFFD.
Invalid UTF-8 byte or sequence at line 464 replaced by U+FFFD.
Invalid UTF-8 byte or sequence at line 466 replaced by U+FFFD.
Invalid UTF-8 byte or sequence at line 466 replaced by U+FFFD.
Invalid UTF-8 byte or sequence at line 541 replaced by U+FFFD.
Invalid UTF-8 byte or sequence at line 541 replaced by U+FFFD.
Invalid UTF-8 byte or sequence at line 541 replaced by U+FFFD.
Invalid UTF-8 byte or sequence at line 586 replaced by U+FFFD.
Invalid UTF-8 byte or sequence at line 586 replaced by U+FFFD.
Invalid UTF-8 byte or sequence at line 588 replaced by U+FFFD.
Invalid UTF-8 byte or sequence at line 588 replaced by U+FFFD.
Invalid UTF-8 byte or sequence at line 595 replaced by U+FFFD.
Invalid UTF-8 byte or sequence at line 597 replaced by U+FFFD.
Invalid UTF-8 byte or sequence at line 599 replaced by U+FFFD.
Invalid UTF-8 byte or sequence at line 602 replaced by U+FFFD.
Invalid UTF-8 byte or sequence at line 605 replaced by U+FFFD.
Invalid UTF-8 byte or sequence at line 605 replaced by U+FFFD.
Invalid UTF-8 byte or sequence at line 610 replaced by U+FFFD.
Invalid UTF-8 byte or sequence at line 615 replaced by U+FFFD.
Invalid UTF-8 byte or sequence at line 632 replaced by U+FFFD.
Invalid UTF-8 byte or sequence at line 632 replaced by U+FFFD.
Invalid UTF-8 byte or sequence at line 633 replaced by U+FFFD.
Invalid UTF-8 byte or sequence at line 635 replaced by U+FFFD.
Invalid UTF-8 byte or sequence at line 637 replaced by U+FFFD.
Invalid UTF-8 byte or sequence at line 647 replaced by U+FFFD.
Invalid UTF-8 byte or sequence at line 653 replaced by U+FFFD.
Invalid UTF-8 byte or sequence at line 678 replaced by U+FFFD.
Invalid UTF-8 byte or sequence at line 700 replaced by U+FFFD.
Invalid UTF-8 byte or sequence at line 705 replaced by U+FFFD.
Invalid UTF-8 byte or sequence at line 715 replaced by U+FFFD.
Invalid UTF-8 byte or sequence at line 715 replaced by U+FFFD.
Invalid UTF-8 byte or sequence at line 715 replaced by U+FFFD.
Invalid UTF-8 byte or sequence at line 719 replaced by U+FFFD.
Invalid UTF-8 byte or sequence at line 732 replaced by U+FFFD.
Invalid UTF-8 byte or sequence at line 732 replaced by U+FFFD.
Invalid UTF-8 byte or sequence at line 741 replaced by U+FFFD.
Invalid UTF-8 byte or sequence at line 741 replaced by U+FFFD.
Invalid UTF-8 byte or sequence at line 742 replaced by U+FFFD.
Invalid UTF-8 byte or sequence at line 742 replaced by U+FFFD.
Invalid UTF-8 byte or sequence at line 762 replaced by U+FFFD.
Invalid UTF-8 byte or sequence at line 773 replaced by U+FFFD.
Invalid UTF-8 byte or sequence at line 773 replaced by U+FFFD.
Invalid UTF-8 byte or sequence at line 774 replaced by U+FFFD.
Invalid UTF-8 byte or sequence at line 774 replaced by U+FFFD.
Invalid UTF-8 byte or sequence at line 774 replaced by U+FFFD.
Invalid UTF-8 byte or sequence at line 797 replaced by U+FFFD.
Invalid UTF-8 byte or sequence at line 797 replaced by U+FFFD.
Invalid UTF-8 byte or sequence at line 810 replaced by U+FFFD.
Invalid UTF-8 byte or sequence at line 824 replaced by U+FFFD.
Invalid UTF-8 byte or sequence at line 824 replaced by U+FFFD.
Invalid UTF-8 byte or sequence at line 831 replaced by U+FFFD.
Invalid UTF-8 byte or sequence at line 838 replaced by U+FFFD.
Invalid UTF-8 byte or sequence at line 838 replaced by U+FFFD.
Invalid UTF-8 byte or sequence at line 846 replaced by U+FFFD.
Invalid UTF-8 byte or sequence at line 846 replaced by U+FFFD.
Invalid UTF-8 byte or sequence at line 861 replaced by U+FFFD.
Invalid UTF-8 byte or sequence at line 862 replaced by U+FFFD.
Invalid UTF-8 byte or sequence at line 864 replaced by U+FFFD.
Invalid UTF-8 byte or sequence at line 864 replaced by U+FFFD.
Invalid UTF-8 byte or sequence at line 908 replaced by U+FFFD.
Invalid UTF-8 byte or sequence at line 909 replaced by U+FFFD.
Invalid UTF-8 byte or sequence at line 909 replaced by U+FFFD.
Invalid UTF-8 byte or sequence at line 934 replaced by U+FFFD.
Invalid UTF-8 byte or sequence at line 934 replaced by U+FFFD.
Invalid UTF-8 byte or sequence at line 936 replaced by U+FFFD.
Invalid UTF-8 byte or sequence at line 936 replaced by U+FFFD.
Invalid UTF-8 byte or sequence at line 940 replaced by U+FFFD.
Invalid UTF-8 byte or sequence at line 940 replaced by U+FFFD.
Invalid UTF-8 byte or sequence at line 962 replaced by U+FFFD.
Invalid UTF-8 byte or sequence at line 962 replaced by U+FFFD.
Invalid UTF-8 byte or sequence at line 964 replaced by U+FFFD.
Invalid UTF-8 byte or sequence at line 965 replaced by U+FFFD.
Invalid UTF-8 byte or sequence at line 1006 replaced by U+FFFD.
)
Package: xstring 2019/02/06 v1.83 String manipulations (CT)
)
(/home/sirneij/.miktex/texmfs/install/tex/latex/newfloat/newfloat.sty
Package: newfloat 2019/09/02 v1.1l Defining new floating environments (AR)
Package newfloat Info: Unsupported document class, or \@chapter 
(newfloat)             was already redefined by another package.
Package newfloat Info: \@chapter = macro:->\def \Hy@next {\Hy@MakeCurrentHrefAu
to {\Hy@chapapp *}\Hy@raisedlink {\hyper@anchorstart {\@currentHref }\hyper@anc
horend }}\ifnum \c@secnumdepth >\m@ne \ltx@IfUndefined {if@mainmatter}\iftrue {
\csname if@mainmatter\endcsname }\let \Hy@next \relax \fi \fi \Hy@next \Hy@org@
chapter .
Package newfloat Info: \Hy@org@chapter = macro:[#1]#2->\algocf@original@chapter
 [#1]{#2}\addtocontents {loa}{\protect \addvspace {10\p@ }}.
)
\minted@appexistsfile=\read5
\minted@bgbox=\box78
\minted@code=\write6
\c@minted@FancyVerbLineTemp=\count356
\c@minted@pygmentizecounter=\count357
Package newfloat Info: New float `listing' with options `fileext=lol,placement=
tbp' on input line 1151.
\c@listing=\count358
\newfloat@ftype=\count359
Package newfloat Info: float type `listing'=8 on input line 1151.
\c@sublisting=\count360
)
runsystem(mkdir -p _minted-fydp)...executed.


(/home/sirneij/.miktex/texmfs/install/tex/latex/acronym/acronym.sty
Package: acronym 2019/11/11 v1.42 Support for acronyms (Tobias Oetiker)

(/home/sirneij/.miktex/texmfs/install/tex/latex/bigfoot/suffix.sty
Package: suffix 2006/07/15 1.5a Variant command support
)
\AC@clearlist=\toks38
)
(/home/sirneij/.miktex/texmfs/install/tex/latex/booktabs/booktabs.sty
Package: booktabs 2020/01/12 v1.61803398 Publication quality tables
\heavyrulewidth=\dimen296
\lightrulewidth=\dimen297
\cmidrulewidth=\dimen298
\belowrulesep=\dimen299
\belowbottomsep=\dimen300
\aboverulesep=\dimen301
\abovetopsep=\dimen302
\cmidrulesep=\dimen303
\cmidrulekern=\dimen304
\defaultaddspace=\dimen305
\@cmidla=\count361
\@cmidlb=\count362
\@aboverulesep=\dimen306
\@belowrulesep=\dimen307
\@thisruleclass=\count363
\@lastruleclass=\count364
\@thisrulewidth=\dimen308
)
(/home/sirneij/.miktex/texmfs/install/tex/latex/fontspec/fontspec.sty
Package: fontspec 2020/02/03 v2.7h Font selection for XeLaTeX and LuaLaTeX

(/home/sirneij/.miktex/texmfs/install/tex/latex/fontspec/fontspec-xetex.sty
Package: fontspec-xetex 2020/02/03 v2.7h Font selection for XeLaTeX and LuaLaTe
X
\l__fontspec_script_int=\count365
\l__fontspec_language_int=\count366
\l__fontspec_strnum_int=\count367
\l__fontspec_tmp_int=\count368
\l__fontspec_tmpa_int=\count369
\l__fontspec_tmpb_int=\count370
\l__fontspec_tmpc_int=\count371
\l__fontspec_em_int=\count372
\l__fontspec_emdef_int=\count373
\l__fontspec_strong_int=\count374
\l__fontspec_strongdef_int=\count375
\l__fontspec_tmpa_dim=\dimen309
\l__fontspec_tmpb_dim=\dimen310
\l__fontspec_tmpc_dim=\dimen311

(/home/sirneij/.miktex/texmfs/install/tex/latex/base/fontenc.sty
Package: fontenc 2020/01/25 v2.0m Standard LaTeX package
)
(/home/sirneij/.miktex/texmfs/install/tex/latex/fontspec/fontspec.cfg)))

Package fontspec Info: Font family 'TimesNewRoman(0)' created for font 'Times
(fontspec)             New Roman' with options [Ligatures=TeX].
(fontspec)              
(fontspec)              This font family consists of the following NFSS
(fontspec)             series/shapes:
(fontspec)              
(fontspec)             - 'normal' (m/n) with NFSS spec.: <->"Times New
(fontspec)             Roman/OT:language=dflt;mapping=tex-text;"
(fontspec)             - 'small caps'  (m/sc) with NFSS spec.: 
(fontspec)             - 'bold' (b/n) with NFSS spec.: <->"Times New
(fontspec)             Roman/B/OT:language=dflt;mapping=tex-text;"
(fontspec)             - 'bold small caps'  (b/sc) with NFSS spec.: 
(fontspec)             - 'italic' (m/it) with NFSS spec.: <->"Times New
(fontspec)             Roman/I/OT:language=dflt;mapping=tex-text;"
(fontspec)             - 'italic small caps'  (m/scit) with NFSS spec.: 
(fontspec)             - 'bold italic' (b/it) with NFSS spec.: <->"Times New
(fontspec)             Roman/BI/OT:language=dflt;mapping=tex-text;"
(fontspec)             - 'bold italic small caps'  (b/scit) with NFSS spec.: 

runsystem(which pygmentize && touch fydp.aex)...executed.

runsystem(rm fydp.aex)...executed.


(fydp.aux)
\openout1 = `fydp.aux'.

LaTeX Font Info:    Checking defaults for OML/cmm/m/it on input line 70.
LaTeX Font Info:    ... okay on input line 70.
LaTeX Font Info:    Checking defaults for OMS/cmsy/m/n on input line 70.
LaTeX Font Info:    ... okay on input line 70.
LaTeX Font Info:    Checking defaults for OT1/cmr/m/n on input line 70.
LaTeX Font Info:    ... okay on input line 70.
LaTeX Font Info:    Checking defaults for T1/cmr/m/n on input line 70.
LaTeX Font Info:    ... okay on input line 70.
LaTeX Font Info:    Checking defaults for TS1/cmr/m/n on input line 70.
LaTeX Font Info:    Trying to load font information for TS1+cmr on input line 7
0.
 (/home/sirneij/.miktex/texmfs/install/tex/latex/base/ts1cmr.fd
File: ts1cmr.fd 2019/12/16 v2.5j Standard LaTeX font definitions
)
LaTeX Font Info:    ... okay on input line 70.
LaTeX Font Info:    Checking defaults for TU/lmr/m/n on input line 70.
LaTeX Font Info:    ... okay on input line 70.
LaTeX Font Info:    Checking defaults for OMX/cmex/m/n on input line 70.
LaTeX Font Info:    ... okay on input line 70.
LaTeX Font Info:    Checking defaults for U/cmr/m/n on input line 70.
LaTeX Font Info:    ... okay on input line 70.
LaTeX Font Info:    Checking defaults for PD1/pdf/m/n on input line 70.
LaTeX Font Info:    ... okay on input line 70.
LaTeX Font Info:    Checking defaults for PU/pdf/m/n on input line 70.
LaTeX Font Info:    ... okay on input line 70.

ABD: EveryShipout initializing macros
Package caption Info: Begin \AtBeginDocument code.
Package caption Info: hyperref package is loaded.
Package caption Info: longtable package is loaded.

(/home/sirneij/.miktex/texmfs/install/tex/latex/caption/ltcaption.sty
Package: ltcaption 2018/08/26 v1.4a longtable captions (AR)
)
Package caption Info: End \AtBeginDocument code.
\AtBeginShipoutBox=\box79
Package hyperref Info: Link coloring ON on input line 70.

(/home/sirneij/.miktex/texmfs/install/tex/latex/hyperref/nameref.sty
Package: nameref 2019/09/16 v2.46 Cross-referencing by name of section

(/home/sirneij/.miktex/texmfs/install/tex/latex/refcount/refcount.sty
Package: refcount 2019/12/15 v3.6 Data extraction from label references (HO)
)
(/home/sirneij/.miktex/texmfs/install/tex/generic/gettitlestring/gettitlestring
.sty
Package: gettitlestring 2019/12/15 v1.6 Cleanup title references (HO)
)
\c@section@level=\count376
)
LaTeX Info: Redefining \ref on input line 70.
LaTeX Info: Redefining \pageref on input line 70.
LaTeX Info: Redefining \nameref on input line 70.
 (fydp.out) (fydp.out)
\@outlinefile=\write7
\openout7 = `fydp.out'.


*geometry* detected driver: pdftex
*geometry* verbose mode - [ preamble ] result:
* driver: pdftex
* paper: a4paper
* layout: <same size as paper>
* layoutoffset:(h,v)=(0.0pt,0.0pt)
* modes: 
* h-part:(L,W,R)=(85.35826pt, 426.79135pt, 85.35826pt)
* v-part:(T,H,B)=(85.35826pt, 674.33032pt, 85.35826pt)
* \paperwidth=597.50787pt
* \paperheight=845.04684pt
* \textwidth=426.79135pt
* \textheight=674.33032pt
* \oddsidemargin=13.08827pt
* \evensidemargin=13.08827pt
* \topmargin=-23.91173pt
* \headheight=12.0pt
* \headsep=25.0pt
* \topskip=12.0pt
* \footskip=30.0pt
* \marginparwidth=35.0pt
* \marginparsep=10.0pt
* \columnsep=10.0pt
* \skip\footins=10.8pt plus 4.0pt minus 2.0pt
* \hoffset=0.0pt
* \voffset=0.0pt
* \mag=1000
* \@twocolumnfalse
* \@twosidefalse
* \@mparswitchfalse
* \@reversemarginfalse
* (1in=72.27pt=25.4mm, 1cm=28.453pt)

Package newfloat Info: Trying Plan B...

Package fontspec Info: Adjusting the maths setup (use [no-math] to avoid
(fontspec)             this).

\symlegacymaths=\mathgroup6
LaTeX Font Info:    Overwriting symbol font `legacymaths' in version `bold'
(Font)                  OT1/cmr/m/n --> OT1/cmr/bx/n on input line 70.
LaTeX Font Info:    Redeclaring math accent \acute on input line 70.
LaTeX Font Info:    Redeclaring math accent \grave on input line 70.
LaTeX Font Info:    Redeclaring math accent \ddot on input line 70.
LaTeX Font Info:    Redeclaring math accent \tilde on input line 70.
LaTeX Font Info:    Redeclaring math accent \bar on input line 70.
LaTeX Font Info:    Redeclaring math accent \breve on input line 70.
LaTeX Font Info:    Redeclaring math accent \check on input line 70.
LaTeX Font Info:    Redeclaring math accent \hat on input line 70.
LaTeX Font Info:    Redeclaring math accent \dot on input line 70.
LaTeX Font Info:    Redeclaring math accent \mathring on input line 70.
LaTeX Font Info:    Redeclaring math symbol \Gamma on input line 70.
LaTeX Font Info:    Redeclaring math symbol \Delta on input line 70.
LaTeX Font Info:    Redeclaring math symbol \Theta on input line 70.
LaTeX Font Info:    Redeclaring math symbol \Lambda on input line 70.
LaTeX Font Info:    Redeclaring math symbol \Xi on input line 70.
LaTeX Font Info:    Redeclaring math symbol \Pi on input line 70.
LaTeX Font Info:    Redeclaring math symbol \Sigma on input line 70.
LaTeX Font Info:    Redeclaring math symbol \Upsilon on input line 70.
LaTeX Font Info:    Redeclaring math symbol \Phi on input line 70.
LaTeX Font Info:    Redeclaring math symbol \Psi on input line 70.
LaTeX Font Info:    Redeclaring math symbol \Omega on input line 70.
LaTeX Font Info:    Redeclaring math symbol \mathdollar on input line 70.
LaTeX Font Info:    Redeclaring symbol font `operators' on input line 70.
LaTeX Font Info:    Encoding `OT1' has changed to `TU' for symbol font
(Font)              `operators' in the math version `normal' on input line 70.
LaTeX Font Info:    Overwriting symbol font `operators' in version `normal'
(Font)                  OT1/cmr/m/n --> TU/TimesNewRoman(0)/m/n on input line 7
0.
LaTeX Font Info:    Encoding `OT1' has changed to `TU' for symbol font
(Font)              `operators' in the math version `bold' on input line 70.
LaTeX Font Info:    Overwriting symbol font `operators' in version `bold'
(Font)                  OT1/cmr/bx/n --> TU/TimesNewRoman(0)/m/n on input line 
70.
LaTeX Font Info:    Overwriting symbol font `operators' in version `normal'
(Font)                  TU/TimesNewRoman(0)/m/n --> TU/TimesNewRoman(0)/m/n on 
input line 70.
LaTeX Font Info:    Overwriting math alphabet `\mathit' in version `normal'
(Font)                  OT1/cmr/m/it --> TU/TimesNewRoman(0)/m/it on input line
 70.
LaTeX Font Info:    Overwriting math alphabet `\mathbf' in version `normal'
(Font)                  OT1/cmr/bx/n --> TU/TimesNewRoman(0)/b/n on input line 
70.
LaTeX Font Info:    Overwriting math alphabet `\mathsf' in version `normal'
(Font)                  OT1/cmss/m/n --> TU/lmss/m/n on input line 70.
LaTeX Font Info:    Overwriting math alphabet `\mathtt' in version `normal'
(Font)                  OT1/cmtt/m/n --> TU/lmtt/m/n on input line 70.
LaTeX Font Info:    Overwriting symbol font `operators' in version `bold'
(Font)                  TU/TimesNewRoman(0)/m/n --> TU/TimesNewRoman(0)/b/n on 
input line 70.
LaTeX Font Info:    Overwriting math alphabet `\mathit' in version `bold'
(Font)                  OT1/cmr/bx/it --> TU/TimesNewRoman(0)/b/it on input lin
e 70.
LaTeX Font Info:    Overwriting math alphabet `\mathsf' in version `bold'
(Font)                  OT1/cmss/bx/n --> TU/lmss/b/n on input line 70.
LaTeX Font Info:    Overwriting math alphabet `\mathtt' in version `bold'
(Font)                  OT1/cmtt/m/n --> TU/lmtt/b/n on input line 70.
(0.0.title.tex
File: ./ipnx.jpg Graphic file (type bmp)
<./ipnx.jpg>
File: ./futa.png Graphic file (type bmp)
<./futa.png>


LaTeX Font Warning: Font shape `TU/TimesNewRoman(0)/m/sc' undefined
(Font)              using `TU/TimesNewRoman(0)/m/n' instead on input line 42.

(/home/sirneij/.miktex/texmfs/install/tex/generic/stringenc/se-ascii-print.def
File: se-ascii-print.def 2019/11/29 v1.12 stringenc: Printable ASCII characters

) [1

]) (0.1.cert.tex
Overfull \hbox (3.20865pt too wide) in paragraph at lines 2--4
 | 
 []

Package acronym Info: Label `acro:SIWES' newly defined as it shall be overridde
n
although it is yet undefined on input line 8.

Underfull \hbox (badness 10000) in paragraph at lines 8--9

 []


Underfull \hbox (badness 10000) in paragraph at lines 8--9

 []


Underfull \hbox (badness 10000) in paragraph at lines 8--9

 []


Underfull \hbox (badness 10000) in paragraph at lines 8--9

 []


Underfull \hbox (badness 10000) in paragraph at lines 8--9

 []


Underfull \hbox (badness 10000) in paragraph at lines 8--9

 []


Underfull \hbox (badness 10000) in paragraph at lines 8--9

 []


Underfull \hbox (badness 10000) in paragraph at lines 8--9

 []


Underfull \hbox (badness 10000) in paragraph at lines 8--9

 []

LaTeX Font Info:    Trying to load font information for U+msa on input line 11.

(/home/sirneij/.miktex/texmfs/install/tex/latex/amsfonts/umsa.fd
File: umsa.fd 2013/01/14 v3.01 AMS symbols A
)
LaTeX Font Info:    Trying to load font information for U+msb on input line 11.


(/home/sirneij/.miktex/texmfs/install/tex/latex/amsfonts/umsb.fd
File: umsb.fd 2013/01/14 v3.01 AMS symbols B
)
Overfull \hbox (11.34056pt too wide) in paragraph at lines 11--14
 [] 
 []

)

Package Fancyhdr Warning: \headheight is too small (12.0pt): 
Make it at least 14.49998pt.
We now make it that large for the rest of the document.
This may cause the page layout to be inconsistent, however.

[1] (0.2.ded.tex
Overfull \hbox (3.20865pt too wide) in paragraph at lines 3--5
 | 
 []


Underfull \hbox (badness 10000) in paragraph at lines 7--8

 []


Underfull \hbox (badness 10000) in paragraph at lines 9--10

 []

[2


]) (0.3.ack.tex
Overfull \hbox (3.20865pt too wide) in paragraph at lines 2--4
 | 
 []

Package acronym Info: Label `acro:UI' newly defined as it shall be overridden
although it is yet undefined on input line 10.
Package acronym Info: Label `acro:UX' newly defined as it shall be overridden
although it is yet undefined on input line 10.

Underfull \hbox (badness 10000) in paragraph at lines 10--11

 []

[3

]) (0.4.abstract.tex
Overfull \hbox (3.20865pt too wide) in paragraph at lines 3--5
 | 
 []


Underfull \hbox (badness 10000) in paragraph at lines 7--8

 []

Package acronym Info: Label `acro:CRUD' newly defined as it shall be overridden

although it is yet undefined on input line 9.
Package acronym Info: Label `acro:REPL' newly defined as it shall be overridden

although it is yet undefined on input line 10.

Underfull \hbox (badness 10000) in paragraph at lines 9--11

 []

Package acronym Info: Label `acro:WYSIWYG' newly defined as it shall be overrid
den
although it is yet undefined on input line 12.
[4

]) (fydp.toc [5



]
Package acronym Info: Label `acro:AJAX' newly defined as it shall be overridden

although it is yet undefined on input line 70.
Package acronym Info: Label `acro:XML' newly defined as it shall be overridden
although it is yet undefined on input line 70.

Overfull \hbox (7.7247pt too wide) in paragraph at lines 70--70
 [][] [][][][]\TU/TimesNewRoman(0)/m/n/12 Asynchronous JavaScript and [][][]eXt
ensible Markup Language ([])[] 
 []

)
\tf@toc=\write8
\openout8 = `fydp.toc'.

 [6] (fydp.lof
Package acronym Info: Label `acro:SDLC' newly defined as it shall be overridden

although it is yet undefined on input line 10.
Package acronym Info: Label `acro:vCPE' newly defined as it shall be overridden

although it is yet undefined on input line 20.
 [7


])
\tf@lof=\write9
\openout9 = `fydp.lof'.

 [8] (fydp.lot)
\tf@lot=\write10
\openout10 = `fydp.lot'.

 [9


] [10


] [11] (1.intro.tex
Chapter 1.
Package newfloat Info: Setting Plan B file extension to `lof'... on input line 
1.
[1



]) (2.back.tex [2]
Chapter 2.

Underfull \hbox (badness 10000) in paragraph at lines 5--25

 []

[3

]
Underfull \hbox (badness 10000) in paragraph at lines 46--47

 []

[4] [5] [6] [7] [8]
Overfull \hbox (18.46841pt too wide) in paragraph at lines 125--126
[]\TU/TimesNewRoman(0)/m/n/12 Our aim is to support our communities by empoweri
ng them primarily through technology-
 []

File: ./mainorg.jpg Graphic file (type bmp)
<./mainorg.jpg>

LaTeX Warning: `!h' float specifier changed to `!ht'.

File: ./InfrastructureOrgan.jpg Graphic file (type bmp)
<./InfrastructureOrgan.jpg>
File: ./B2Borg.jpg Graphic file (type bmp)
<./B2Borg.jpg>
File: ./B2COrgan.jpg Graphic file (type bmp)
<./B2COrgan.jpg>
Package hyperref Info: bookmark level for unknown subfigure defaults to 0 on in
put line 158.

LaTeX Warning: `!h' float specifier changed to `!ht'.

[9]

LaTeX Warning: Text page 10 contains only floats.

[10] [11] [12] [13]) (3.design.tex [14]
Chapter 3.
[15

]
File: ./Prototyping-model.png Graphic file (type bmp)
<./Prototyping-model.png>
File: ./waterfall.jpg Graphic file (type bmp)
<./waterfall.jpg>
File: ./iterative.jpg Graphic file (type bmp)
<./iterative.jpg>
File: ./Spiral.jpg Graphic file (type bmp)
<./Spiral.jpg>
File: ./Agile.jpg Graphic file (type bmp)
<./Agile.jpg>
File: ./V-Shaped.jpg Graphic file (type bmp)
<./V-Shaped.jpg>
File: ./rad.jpg Graphic file (type bmp)
<./rad.jpg>


LaTeX Warning: Float too large for page by 53.83942pt on input line 88.

[16] [17]
Package acronym Info: Label `acro:WSGI' newly defined as it shall be overridden

although it is yet undefined on input line 113.
 [18]
Package acronym Info: Label `acro:HTML' newly defined as it shall be overridden

although it is yet undefined on input line 124.
Package acronym Info: Label `acro:DTL' newly defined as it shall be overridden
although it is yet undefined on input line 126.


Package hyperref Warning: Token not allowed in a PDF string (Unicode):
(hyperref)                removing `\@ac' on input line 127.

Package acronym Info: Label `acro:XHTML' newly defined as it shall be overridde
n
although it is yet undefined on input line 128.
Package acronym Info: Label `acro:XSLT' newly defined as it shall be overridden

although it is yet undefined on input line 128.
Package acronym Info: Label `acro:XHR' newly defined as it shall be overridden
although it is yet undefined on input line 128.
File: ./Ajax.png Graphic file (type bmp)
<./Ajax.png>

Overfull \hbox (10.1868pt too wide) in paragraph at lines 128--134
[][][]\TU/TimesNewRoman(0)/m/n/12 , a term coined in 2005 by Jesse James Garret
t, stands for Asynchronous JavaScript
 []


Overfull \hbox (3.24503pt too wide) in paragraph at lines 128--134
\TU/TimesNewRoman(0)/m/n/12 cading Style Sheets, JavaScript, The Document Objec
t Model, [][], [][][]eXtensible Stylesheet
 []


Underfull \hbox (badness 10000) in paragraph at lines 135--137

 []


Underfull \hbox (badness 10000) in paragraph at lines 135--137

 []


Underfull \hbox (badness 10000) in paragraph at lines 135--137

 []

Package hyperref Info: bookmark level for unknown listing defaults to 0 on inpu
t line 137.
[19] [20]
\openout5 = `fydp.pyg'.

 (_minted-fydp/default-pyg-prefix.pygstyle)
(_minted-fydp/default.pygstyle)
(_minted-fydp/CB0D3B618F874752CD34EBE353FB79A599D537B9CC1EBEB188FEB3E9E9C4171E.
pygtex
LaTeX Font Info:    Font shape `TU/lmtt/bx/n' in size <10> not available
(Font)              Font shape `TU/lmtt/b/n' tried instead on input line 2.

Overfull \hbox (3.70865pt too wide) in paragraph at lines 16--16
\TU/lmtt/m/n/10 $([]"#postcomment"[]).clone([]\TU/lmtt/b/n/10 true[]\TU/lmtt/m/
n/10 );|  
 []


Overfull \hbox (29.95865pt too wide) in paragraph at lines 18--18
| | | |[][][][][][][]\TU/lmtt/m/n/10 .parent().parent().attr([][]id[][]));|  
 []


Overfull \hbox (19.45865pt too wide) in paragraph at lines 19--19
| | | |[][][][][][]\TU/lmtt/m/n/10 $([]\TU/lmtt/b/n/10 this[]\TU/lmtt/m/n/10 ).
parent().append(form).fade();|  
 []

)
Package acronym Info: Label `acro:SQL' newly defined as it shall be overridden
although it is yet undefined on input line 189.
Package acronym Info: Label `acro:ORM' newly defined as it shall be overridden
although it is yet undefined on input line 189.
File: ./sqlalchemy.png Graphic file (type bmp)
<./sqlalchemy.png>
 [21]
Package acronym Info: Label `acro:API' newly defined as it shall be overridden
although it is yet undefined on input line 197.
Package acronym Info: Label `acro:HTTP' newly defined as it shall be overridden

although it is yet undefined on input line 199.
 [22]
\openout5 = `fydp.pyg'.


(_minted-fydp/3D273D1AD52A09BCA99DAA35E89E817BC01E3142112BA12B39735D06579A8ED1.
pygtex [23])
Overfull \hbox (4.92624pt too wide) in paragraph at lines 261--262
\TU/TimesNewRoman(0)/m/n/12 database management such as creating tables, writin
g [][] queries and other database
 []

\openout5 = `fydp.pyg'.


(_minted-fydp/63B3DED650D1C6FDAF27F5BAF3F9C978C01E3142112BA12B39735D06579A8ED1.
pygtex [24] [25])
\openout5 = `fydp.pyg'.


(_minted-fydp/1603EE50B638414D43FD1349DA84C4E01ADACB70B2A52ADDAFFEC6E08F2B9B65.
pygtex [26])
\openout6 = `fydp.pyg'.


(_minted-fydp/DD7CDBEC1F30A11830688962C96E126F1ADACB70B2A52ADDAFFEC6E08F2B9B65.
pygtex)
\openout6 = `fydp.pyg'.


(_minted-fydp/3872F87EE87FF0E2E8E0CCCD56ED99D01ADACB70B2A52ADDAFFEC6E08F2B9B65.
pygtex
LaTeX Font Info:    Font shape `TU/lmtt/bx/n' in size <12> not available
(Font)              Font shape `TU/lmtt/b/n' tried instead on input line 2.
)
\openout6 = `fydp.pyg'.


(_minted-fydp/176C012E8B9E306620868B3088E70F7D1ADACB70B2A52ADDAFFEC6E08F2B9B65.
pygtex)
\openout6 = `fydp.pyg'.


(_minted-fydp/333E13482C22B2A08FDA18CABB1B57951ADACB70B2A52ADDAFFEC6E08F2B9B65.
pygtex)
\openout6 = `fydp.pyg'.


(_minted-fydp/DAAD735D01BBF1CFE65397342DE127ED1ADACB70B2A52ADDAFFEC6E08F2B9B65.
pygtex)
\openout5 = `fydp.pyg'.


(_minted-fydp/47253F8675B710E8E05AD3304C456964DFAE47347F48AC45F083385D614C70F7.
pygtex
Overfull \hbox (65.20865pt too wide) in paragraph at lines 22--22
| | | |[][][][][][][][]\TU/lmtt/m/n/10 src[][]=[][]"/static/assets/custom/login
[]|  
 []

[27]
Overfull \hbox (23.20865pt too wide) in paragraph at lines 37--37
[]\TU/lmtt/m/n/10 form.email[][]([][]class[][]=[][]"input100"[][],[]|  
 []


Overfull \hbox (7.45865pt too wide) in paragraph at lines 38--38
| | | |[][][][][][][][]\TU/lmtt/m/n/10 placeholder[][]=[][]"E-mail"[][])[] 
 []


Overfull \hbox (44.20865pt too wide) in paragraph at lines 40--40
| | | |[][][][][][][][]\TU/lmtt/m/n/10 data-placeholder[][]=[][]"&#xf207;"[]>| 
 
 []


Overfull \hbox (70.45865pt too wide) in paragraph at lines 46--46
[]\TU/lmtt/m/n/10 form.password[][]([][]placeholder[][]=[][]"Password"[][],[]| 
 
 []


Overfull \hbox (33.70865pt too wide) in paragraph at lines 48--48
[]\TU/lmtt/m/n/10 class[][]=[][]"focus-input100"[]|  
 []


Overfull \hbox (86.20865pt too wide) in paragraph at lines 49--49
| | | |[][][][][][][][][]\TU/lmtt/m/n/10 data-placeholder[][]=[][]"&#xf191;"[]>
|  
 []


Overfull \hbox (7.45865pt too wide) in paragraph at lines 53--53
[]\TU/lmtt/m/n/10 class[][]=[][]"contact100-form-checkbox"[]>|  
 []


Overfull \hbox (86.20865pt too wide) in paragraph at lines 54--54
[]\TU/lmtt/m/n/10 form.remember[][]([][]class[][]=[][]"input-checkbox100"[][],[
]|  
 []


Overfull \hbox (33.70865pt too wide) in paragraph at lines 55--55
| | | |[][][][][][][][]\TU/lmtt/m/n/10 id[][]=[][]"ckb1"[][],[][]type[][]=[][]"
checkbox"[][])[] 
 []


Overfull \hbox (7.45865pt too wide) in paragraph at lines 56--56
[]\TU/lmtt/m/n/10 class[][]=[][]"label-checkbox100"[] 
 []

[28]
Overfull \hbox (23.20865pt too wide) in paragraph at lines 61--61
[]\TU/lmtt/m/n/10 class[][]=[][]"container-login100-form-btn"[]>|  
 []


Overfull \hbox (75.70865pt too wide) in paragraph at lines 63--63
[]\TU/lmtt/m/n/10 form.submit[][]([][]class[][]=[][]"login100-form-btn"[][])[] 

 []

)
\openout5 = `fydp.pyg'.


(_minted-fydp/14C18953F24C3253F817FDA911642DFBC01E3142112BA12B39735D06579A8ED1.
pygtex [29]) [30]
\openout5 = `fydp.pyg'.


(_minted-fydp/D728DFDE416D978E767725D1EDF6FF3BC01E3142112BA12B39735D06579A8ED1.
pygtex)
\openout5 = `fydp.pyg'.


(_minted-fydp/C8FAFAF0D22F7FF537DDDDBB8F7A576EC01E3142112BA12B39735D06579A8ED1.
pygtex [31])
Overfull \hbox (2.32892pt too wide) in paragraph at lines 703--704
[]| \TU/TimesNewRoman(0)/m/n/12 Enable/disable DHCP service, modify address ran
ge, manage DHCP reser-
 []

[32]
File: ./vcpewifi.png Graphic file (type bmp)
<./vcpewifi.png>
File: ./vcpemainpage.png Graphic file (type bmp)
<./vcpemainpage.png>
File: ./vcpedhcp.png Graphic file (type bmp)
<./vcpedhcp.png>
File: ./vcpednsserver.png Graphic file (type bmp)
<./vcpednsserver.png>
File: ./vcpedhcp.png Graphic file (type bmp)
<./vcpedhcp.png>
File: ./vcpedevice.png Graphic file (type bmp)
<./vcpedevice.png>
File: ./vcperegister.png Graphic file (type bmp)
<./vcperegister.png>
File: ./vcpelogin.png Graphic file (type bmp)
<./vcpelogin.png>
File: ./ceadash.jpg Graphic file (type bmp)
<./ceadash.jpg>
File: ./cealogin.png Graphic file (type bmp)
<./cealogin.png>
File: ./ceaindex.png Graphic file (type bmp)
<./ceaindex.png>
File: ./ceasocial.png Graphic file (type bmp)
<./ceasocial.png>
File: ./cearetail.png Graphic file (type bmp)
<./cearetail.png>

Overfull \hbox (1.71742pt too wide) in paragraph at lines 766--800
[]\TU/TimesNewRoman(0)/b/n/12 Projects Requirement specification\TU/TimesNewRo
man(0)/m/n/12 : Customer Experience Analysis (CEA) Dash-
 []


Underfull \hbox (badness 10000) in paragraph at lines 766--800

 []


Underfull \hbox (badness 10000) in paragraph at lines 766--800

 []


Underfull \hbox (badness 10000) in paragraph at lines 766--800

 []


Underfull \hbox (badness 10000) in paragraph at lines 807--808

 []

File: ./duaformeranalytic.png Graphic file (type bmp)
<./duaformeranalytic.png>
File: ./duaformeranalyticdetail.png Graphic file (type bmp)
<./duaformeranalyticdetail.png>
File: ./dualogin.png Graphic file (type bmp)
<./dualogin.png>
File: ./duadata.png Graphic file (type bmp)
<./duadata.png>
File: ./duamodal.png Graphic file (type bmp)
<./duamodal.png>

Underfull \hbox (badness 1424) in paragraph at lines 843--843
[]\TU/TimesNewRoman(0)/m/n/10.95 (c) |DUA dashboard modal data analysis
 []

File: ./duadatadetails.png Graphic file (type bmp)
<./duadatadetails.png>
File: ./duaerror.png Graphic file (type bmp)
<./duaerror.png>

Underfull \hbox (badness 10000) in paragraph at lines 862--863

 []

[33] [34] [35] [36] [37]
File: ./devclogin.png Graphic file (type bmp)
<./devclogin.png>
File: ./devcsignup.png Graphic file (type bmp)
<./devcsignup.png>
File: ./devcaccount.png Graphic file (type bmp)
<./devcaccount.png>
File: ./devcmainwithout.png Graphic file (type bmp)
<./devcmainwithout.png>
File: ./devcmainwith.png Graphic file (type bmp)
<./devcmainwith.png>
File: ./devcpostdetail.png Graphic file (type bmp)
<./devcpostdetail.png>
File: ./devcpostdetailwith.png Graphic file (type bmp)
<./devcpostdetailwith.png>
File: ./devccomments.png Graphic file (type bmp)
<./devccomments.png>
File: ./devcpostupdate.png Graphic file (type bmp)
<./devcpostupdate.png>
File: ./devcportprofile.png Graphic file (type bmp)
<./devcportprofile.png>
File: ./devcportabout.png Graphic file (type bmp)
<./devcportabout.png>
File: ./devcportwork.png Graphic file (type bmp)
<./devcportwork.png>
File: ./devcportservices.png Graphic file (type bmp)
<./devcportservices.png>
File: ./devcportproject.png Graphic file (type bmp)
<./devcportproject.png>
File: ./devcportrecommend.png Graphic file (type bmp)
<./devcportrecommend.png>
File: ./devcportgetintouch.png Graphic file (type bmp)
<./devcportgetintouch.png>
 [38] [39]
Underfull \hbox (badness 10000) in paragraph at lines 976--977

 []

[40]
Underfull \hbox (badness 10000) in paragraph at lines 980--982

 []

\openout5 = `fydp.pyg'.


(_minted-fydp/4CE05CB5A3CF07671782D1DD1B44641C9187AA9028A9EACF103840594174373D.
pygtex [41])
File: ./deploy.png Graphic file (type bmp)
<./deploy.png>
 [42]
Package acronym Info: Label `acro:SSH' newly defined as it shall be overridden
although it is yet undefined on input line 1058.
\openout6 = `fydp.pyg'.


(_minted-fydp/4A9EF918618E3736BD77497D330E7DDF62F886471714DFEF6F301805A8E725C3.
pygtex)
\openout6 = `fydp.pyg'.


(_minted-fydp/0BD43389C041806323AE603A45776FFA62F886471714DFEF6F301805A8E725C3.
pygtex)
\openout6 = `fydp.pyg'.


(_minted-fydp/365C9BFEB7D89244F2CE01C1DE44CB85C01E3142112BA12B39735D06579A8ED1.
pygtex)
\openout6 = `fydp.pyg'.


(_minted-fydp/0C41DA539D4E470469EAD97C6E024C4B07817944E61570F8678A04BA714FB400.
pygtex)
\openout6 = `fydp.pyg'.


(_minted-fydp/E8DD36A5E4086E63E105442262DEEA9107817944E61570F8678A04BA714FB400.
pygtex)
\openout6 = `fydp.pyg'.


(_minted-fydp/05392C6F3C9928E15C3015760A337ECA62F886471714DFEF6F301805A8E725C3.
pygtex [43])
\openout6 = `fydp.pyg'.


(_minted-fydp/0C41DA539D4E470469EAD97C6E024C4B07817944E61570F8678A04BA714FB400.
pygtex)
\openout6 = `fydp.pyg'.


(_minted-fydp/B2D5D05D2B7FF71E628A8BF5A6760F2907817944E61570F8678A04BA714FB400.
pygtex)
\openout6 = `fydp.pyg'.


(_minted-fydp/2B5936CDE07FFF89A9FA797D9E86CEC662F886471714DFEF6F301805A8E725C3.
pygtex)
\openout6 = `fydp.pyg'.


(_minted-fydp/B8DFECC6B8B66B4E4FFED795A499BB9962F886471714DFEF6F301805A8E725C3.
pygtex)
\openout6 = `fydp.pyg'.


(_minted-fydp/17C1D9A3EE1E63C3705888F1442891AF62F886471714DFEF6F301805A8E725C3.
pygtex)
\openout6 = `fydp.pyg'.


(_minted-fydp/1BC7EB41E2FDFC3E95960A778261A80062F886471714DFEF6F301805A8E725C3.
pygtex)
\openout6 = `fydp.pyg'.


(_minted-fydp/810779D62C9A6F5800ED6FA18A4F479862F886471714DFEF6F301805A8E725C3.
pygtex)
\openout6 = `fydp.pyg'.


(_minted-fydp/0C41DA539D4E470469EAD97C6E024C4B07817944E61570F8678A04BA714FB400.
pygtex)
\openout6 = `fydp.pyg'.


(_minted-fydp/1BC7EB41E2FDFC3E95960A778261A80007817944E61570F8678A04BA714FB400.
pygtex)
\openout6 = `fydp.pyg'.


(_minted-fydp/05E28773B6D4F8B1AA61AA6DF8479FA407817944E61570F8678A04BA714FB400.
pygtex)
\openout5 = `fydp.pyg'.


(_minted-fydp/B5D4436B1CF014854470A7322402455062F886471714DFEF6F301805A8E725C3.
pygtex)
\openout6 = `fydp.pyg'.


(_minted-fydp/E0DCEB9D9D0CD0C2FBAF6DF58BD246CA07817944E61570F8678A04BA714FB400.
pygtex)
\openout6 = `fydp.pyg'.


(_minted-fydp/D8C1CD99A138DF7A449CEA6E2D81C35962F886471714DFEF6F301805A8E725C3.
pygtex)
\openout5 = `fydp.pyg'.


(_minted-fydp/736988BE5E1635EC0762D8413E5A72E107817944E61570F8678A04BA714FB400.
pygtex [44])
\openout6 = `fydp.pyg'.


(_minted-fydp/0C41DA539D4E470469EAD97C6E024C4B07817944E61570F8678A04BA714FB400.
pygtex)
\openout6 = `fydp.pyg'.


(_minted-fydp/CFB68A0C41E20D04ACA214E2B30B90ED62F886471714DFEF6F301805A8E725C3.
pygtex)
\openout6 = `fydp.pyg'.


(_minted-fydp/0C41DA539D4E470469EAD97C6E024C4B07817944E61570F8678A04BA714FB400.
pygtex)
\openout6 = `fydp.pyg'.


(_minted-fydp/AE4F18B7145435E74D268B824AFEA02362F886471714DFEF6F301805A8E725C3.
pygtex)
\openout6 = `fydp.pyg'.


(_minted-fydp/52ADF469CC343353CBF2D6AA01819D9D62F886471714DFEF6F301805A8E725C3.
pygtex)
\openout6 = `fydp.pyg'.


(_minted-fydp/BA23DBC5943E79837D188109FDBB55E762F886471714DFEF6F301805A8E725C3.
pygtex)
\openout6 = `fydp.pyg'.


(_minted-fydp/52ADF469CC343353CBF2D6AA01819D9D62F886471714DFEF6F301805A8E725C3.
pygtex)
\openout5 = `fydp.pyg'.


(_minted-fydp/F01BA28A0F18CA0CC3C624A9493DCE3662F886471714DFEF6F301805A8E725C3.
pygtex [45])
\openout6 = `fydp.pyg'.


(_minted-fydp/B1F850944498544FE485F20AFEB5A0B662F886471714DFEF6F301805A8E725C3.
pygtex)
\openout6 = `fydp.pyg'.


(_minted-fydp/B1F850944498544FE485F20AFEB5A0B662F886471714DFEF6F301805A8E725C3.
pygtex)
\openout6 = `fydp.pyg'.


(_minted-fydp/A75FA4BF4183D1AFDD314E369C2519A262F886471714DFEF6F301805A8E725C3.
pygtex)
\openout6 = `fydp.pyg'.


(_minted-fydp/9106108552DFD4B2B515BAE473A9753E07817944E61570F8678A04BA714FB400.
pygtex)
\openout6 = `fydp.pyg'.


(_minted-fydp/F87A886B5BDE9CADA83C13FD8B9084D462F886471714DFEF6F301805A8E725C3.
pygtex)
\openout6 = `fydp.pyg'.


(_minted-fydp/94D5C48BB9B94F3620AAA7A14057FD1D62F886471714DFEF6F301805A8E725C3.
pygtex)
\openout6 = `fydp.pyg'.


(_minted-fydp/8D71338315E1C56B1F421717E934CA7462F886471714DFEF6F301805A8E725C3.
pygtex)
\openout6 = `fydp.pyg'.


(_minted-fydp/2C50B94E1D48CB2974CC5F4067179D9907817944E61570F8678A04BA714FB400.
pygtex)
\openout6 = `fydp.pyg'.


(_minted-fydp/B4E582FBEC7D7EE5253B0AFCF406344907817944E61570F8678A04BA714FB400.
pygtex)
\openout6 = `fydp.pyg'.


(_minted-fydp/BEAF4867DABFEDA299060FC6E8F9652562F886471714DFEF6F301805A8E725C3.
pygtex)
\openout6 = `fydp.pyg'.


(_minted-fydp/A57FE5BDB26E0AF91AC76FE1B3DBDB5FC01E3142112BA12B39735D06579A8ED1.
pygtex)
\openout6 = `fydp.pyg'.


(_minted-fydp/05E28773B6D4F8B1AA61AA6DF8479FA407817944E61570F8678A04BA714FB400.
pygtex)
\openout6 = `fydp.pyg'.


(_minted-fydp/DDFD89FA0E1A088C1C747E5693290B0062F886471714DFEF6F301805A8E725C3.
pygtex)
\openout5 = `fydp.pyg'.


(_minted-fydp/D1F0D69AC3025007CCC9DB762A323FF6C01E3142112BA12B39735D06579A8ED1.
pygtex)
\openout6 = `fydp.pyg'.


(_minted-fydp/B4E582FBEC7D7EE5253B0AFCF406344907817944E61570F8678A04BA714FB400.
pygtex)
\openout6 = `fydp.pyg'.


(_minted-fydp/B0F24E3D11BFE3D31529D1B9F2745CFD07817944E61570F8678A04BA714FB400.
pygtex)
\openout6 = `fydp.pyg'.


(_minted-fydp/C8BE4746FA4C932C942C83C6DB78EEAC62F886471714DFEF6F301805A8E725C3.
pygtex [46])
Package acronym Info: Label `acro:URL' newly defined as it shall be overridden
although it is yet undefined on input line 1181.
\openout5 = `fydp.pyg'.


(_minted-fydp/3734C45B2AB63CD18A2627734053AF8162F886471714DFEF6F301805A8E725C3.
pygtex)
\openout6 = `fydp.pyg'.


(_minted-fydp/147832E68E8FD83982884B491B48EBC4C01E3142112BA12B39735D06579A8ED1.
pygtex)
\openout6 = `fydp.pyg'.


(_minted-fydp/465CE3FE2063B7AE5EE81C019F24C03CC01E3142112BA12B39735D06579A8ED1.
pygtex)
\openout6 = `fydp.pyg'.


(_minted-fydp/8CB90BE69F603ED281A6162B42192E8BC01E3142112BA12B39735D06579A8ED1.
pygtex)
\openout6 = `fydp.pyg'.


(_minted-fydp/AE5F7928B3D1079628B68104675449E8C01E3142112BA12B39735D06579A8ED1.
pygtex)
\openout6 = `fydp.pyg'.


(_minted-fydp/9036B74F95CDC2E3EEC52D52C88AA4B2C01E3142112BA12B39735D06579A8ED1.
pygtex)
\openout6 = `fydp.pyg'.


(_minted-fydp/465CE3FE2063B7AE5EE81C019F24C03CC01E3142112BA12B39735D06579A8ED1.
pygtex)
\openout5 = `fydp.pyg'.


(_minted-fydp/46AEDC3E08C4CD49373731BC5E129D6262F886471714DFEF6F301805A8E725C3.
pygtex)
\openout5 = `fydp.pyg'.


(_minted-fydp/4142CC9FAA727FAEEEB1BDD102188B881E5676E186B6F71E48E91747C8C02432.
pygtex [47])
\openout6 = `fydp.pyg'.


(_minted-fydp/1430F4D82C976C3F0150CA960252CC7F1E5676E186B6F71E48E91747C8C02432.
pygtex)
\openout5 = `fydp.pyg'.


(_minted-fydp/4B3B2A4594CEEA37FB723AAF775157341E5676E186B6F71E48E91747C8C02432.
pygtex)
\openout6 = `fydp.pyg'.


(_minted-fydp/EFE0AF0AE976E2F92350B889744B95F71E5676E186B6F71E48E91747C8C02432.
pygtex)
\openout6 = `fydp.pyg'.


(_minted-fydp/BA23DBC5943E79837D188109FDBB55E762F886471714DFEF6F301805A8E725C3.
pygtex)
\openout5 = `fydp.pyg'.


(_minted-fydp/98BBA2A9590E28FFFF6BFB004AA909BA62F886471714DFEF6F301805A8E725C3.
pygtex)
\openout6 = `fydp.pyg'.


(_minted-fydp/2D35B0EDA837F43CB769820D474D6D6FC01E3142112BA12B39735D06579A8ED1.
pygtex)
\openout6 = `fydp.pyg'.


(_minted-fydp/AC48526F22D6889D83F90E3B0939D7ED62F886471714DFEF6F301805A8E725C3.
pygtex)
\openout5 = `fydp.pyg'.


(_minted-fydp/EE6176643F5EF234A20686F623FABA5B62F886471714DFEF6F301805A8E725C3.
pygtex)
\openout5 = `fydp.pyg'.


(_minted-fydp/AC9B7089BB2C10CEFA4B0E0C99938250C01E3142112BA12B39735D06579A8ED1.
pygtex)
\openout5 = `fydp.pyg'.


(_minted-fydp/BA4F0D8BF04CF444C7A667414FE3018F62F886471714DFEF6F301805A8E725C3.
pygtex [48])
\openout5 = `fydp.pyg'.


(_minted-fydp/69A47DBE55A21338E263D8A1BC0AC5CF62F886471714DFEF6F301805A8E725C3.
pygtex)
\openout5 = `fydp.pyg'.


(_minted-fydp/3D25618D8064DA1DD82A96112893D27962F886471714DFEF6F301805A8E725C3.
pygtex)
\openout5 = `fydp.pyg'.


(_minted-fydp/3BC07002A03448A444DE73DA5BC0958A62F886471714DFEF6F301805A8E725C3.
pygtex [49])) (4.conclusion.tex [50]
Chapter 4.
[51

]
Overfull \hbox (33.76138pt too wide) in paragraph at lines 14--15
\TU/TimesNewRoman(0)/m/n/12 Some theoretical knowledge gained in school proved 
helpful and useful such as CPE407(Software
 []

[52]) (fydp.bbl [53]
Underfull \hbox (badness 1527) in paragraph at lines 34--38
[]\TU/TimesNewRoman(0)/m/n/12 Pal, S. K. (2020 (accessed January 12, 2020)).  \
TU/TimesNewRoman(0)/m/it/12 Software Engineering | Phases
 []


Underfull \hbox (badness 10000) in paragraph at lines 34--38
\TU/TimesNewRoman(0)/m/it/12 of Prototyping Model | Set - 2\TU/TimesNewRoman(0)
/m/n/12 .  [][]$[][][][][] [] [] [] [][][] [] [][][][][][][][][][][][][] [] [][
][] []
 []

[54

]) [55]
Package atveryend Info: Empty hook `BeforeClearDocument' on input line 183.
Package atveryend Info: Empty hook `AfterLastShipout' on input line 183.
 (fydp.aux)
Package atveryend Info: Empty hook `AtVeryEndDocument' on input line 183.
Package atveryend Info: Executing hook `AtEndAfterFileList' on input line 183.
Package rerunfilecheck Info: File `fydp.out' has not changed.
(rerunfilecheck)             Checksum: F540F81B7635D77871B33CC537B88AB1;3531.


LaTeX Font Warning: Some font shapes were not available, defaults substituted.

runsystem(rm fydp.pyg)...executed.

Package atveryend Info: Empty hook `AtVeryVeryEnd' on input line 183.
 ) 
Here is how much of TeX's memory you used:
 30565 strings out of 414621
 608163 string characters out of 2910830
 962954 words of memory out of 3000000
 46841 multiletter control sequences out of 15000+200000
 538300 words of font info for 85 fonts, out of 3000000 for 9000
 1348 hyphenation exceptions out of 8191
 60i,12n,67p,1326b,890s stack positions out of 5000i,500n,10000p,200000b,50000s

Output written on fydp.pdf (67 pages).
