\BOOKMARK [0][-]{chapter*.2}{Table of Contents}{}% 1
\BOOKMARK [0][-]{section*.3}{List of Figures}{}% 2
\BOOKMARK [0][-]{section*.5}{List of Tables}{}% 3
\BOOKMARK [0][-]{chapter.1}{Introduction to SIWES Program}{}% 4
\BOOKMARK [1][-]{section.1.1}{Background}{chapter.1}% 5
\BOOKMARK [1][-]{section.1.2}{Brief History of SIWES Program}{chapter.1}% 6
\BOOKMARK [1][-]{section.1.3}{Scope of SIWES}{chapter.1}% 7
\BOOKMARK [1][-]{section.1.4}{Aims and Objectives of SIWES}{chapter.1}% 8
\BOOKMARK [0][-]{chapter.2}{ipNX Nigeria Limited}{}% 9
\BOOKMARK [1][-]{section.2.1}{History and Corporate Profile}{chapter.2}% 10
\BOOKMARK [2][-]{subsection.2.1.1}{History}{section.2.1}% 11
\BOOKMARK [2][-]{subsection.2.1.2}{Corporate Profile}{section.2.1}% 12
\BOOKMARK [1][-]{section.2.2}{Why ipNX?}{chapter.2}% 13
\BOOKMARK [2][-]{subsection.2.2.1}{Our Culture}{section.2.2}% 14
\BOOKMARK [2][-]{subsection.2.2.2}{Our Guiding Principles}{section.2.2}% 15
\BOOKMARK [2][-]{subsection.2.2.3}{Training And Development}{section.2.2}% 16
\BOOKMARK [2][-]{subsection.2.2.4}{Compensation and Benefits}{section.2.2}% 17
\BOOKMARK [2][-]{subsection.2.2.5}{Corporate Social Responsibility}{section.2.2}% 18
\BOOKMARK [1][-]{section.2.3}{ipNX Organogram}{chapter.2}% 19
\BOOKMARK [1][-]{section.2.4}{ipNX Departments And Divisions}{chapter.2}% 20
\BOOKMARK [2][-]{subsection.2.4.1}{ipNX Departments}{section.2.4}% 21
\BOOKMARK [2][-]{subsection.2.4.2}{ipNX Divisions}{section.2.4}% 22
\BOOKMARK [0][-]{chapter.3}{Projects Done and Experiences Gained}{}% 23
\BOOKMARK [1][-]{section.3.1}{Customer Premises Equipment \(CPE\)}{chapter.3}% 24
\BOOKMARK [1][-]{section.3.2}{Customer Experience Analysis \(CEA\) Dashboard}{chapter.3}% 25
\BOOKMARK [1][-]{section.3.3}{Data Usage Analytic \(DUA\) Dashboard}{chapter.3}% 26
\BOOKMARK [1][-]{section.3.4}{Flask Blog}{chapter.3}% 27
\BOOKMARK [1][-]{section.3.5}{Django Blog}{chapter.3}% 28
\BOOKMARK [1][-]{section.3.6}{Web Crawler}{chapter.3}% 29
\BOOKMARK [1][-]{section.3.7}{Recommender System}{chapter.3}% 30
\BOOKMARK [1][-]{section.3.8}{Deployment}{chapter.3}% 31
\BOOKMARK [0][-]{chapter.4}{Conclusion and Recommendation}{}% 32
\BOOKMARK [1][-]{section.4.1}{Conclusion}{chapter.4}% 33
\BOOKMARK [1][-]{section.4.2}{Recommendation}{chapter.4}% 34
\BOOKMARK [0][-]{chapter*.45}{References}{}% 35
